{"D:\\Mobile Repo\\Front-end\\Front-end\\app\\ChoosingMoodPlayScreen.tsx": {"path":"D:\\Mobile Repo\\Front-end\\Front-end\\app\\ChoosingMoodPlayScreen.tsx","statementMap":{"0":{"start":{"line":29,"column":19},"end":{"line":29,"column":30}},"1":{"start":{"line":30,"column":44},"end":{"line":30,"column":59}},"2":{"start":{"line":31,"column":19},"end":{"line":31,"column":38}},"3":{"start":{"line":33,"column":34},"end":{"line":36,"column":6}},"4":{"start":{"line":38,"column":4},"end":{"line":40,"column":5}},"5":{"start":{"line":39,"column":8},"end":{"line":39,"column":20}},"6":{"start":{"line":42,"column":33},"end":{"line":62,"column":5}},"7":{"start":{"line":64,"column":27},"end":{"line":71,"column":5}},"8":{"start":{"line":65,"column":8},"end":{"line":70,"column":15}},"9":{"start":{"line":73,"column":4},"end":{"line":105,"column":6}},"10":{"start":{"line":98,"column":47},"end":{"line":98,"column":63}}},"fnMap":{"0":{"name":"ChoosingMoodPlayScreen","decl":{"start":{"line":28,"column":24},"end":{"line":28,"column":46}},"loc":{"start":{"line":28,"column":49},"end":{"line":106,"column":1}},"line":28},"1":{"name":"(anonymous_1)","decl":{"start":{"line":64,"column":27},"end":{"line":64,"column":28}},"loc":{"start":{"line":65,"column":8},"end":{"line":70,"column":15}},"line":65},"2":{"name":"(anonymous_2)","decl":{"start":{"line":98,"column":30},"end":{"line":98,"column":31}},"loc":{"start":{"line":98,"column":47},"end":{"line":98,"column":63}},"line":98}},"branchMap":{"0":{"loc":{"start":{"line":38,"column":4},"end":{"line":40,"column":5}},"type":"if","locations":[{"start":{"line":38,"column":4},"end":{"line":40,"column":5}},{"start":{},"end":{}}],"line":38},"1":{"loc":{"start":{"line":75,"column":25},"end":{"line":75,"column":85}},"type":"cond-expr","locations":[{"start":{"line":75,"column":53},"end":{"line":75,"column":81}},{"start":{"line":75,"column":84},"end":{"line":75,"column":85}}],"line":75},"2":{"loc":{"start":{"line":75,"column":53},"end":{"line":75,"column":81}},"type":"binary-expr","locations":[{"start":{"line":75,"column":53},"end":{"line":75,"column":76}},{"start":{"line":75,"column":80},"end":{"line":75,"column":81}}],"line":75},"3":{"loc":{"start":{"line":76,"column":27},"end":{"line":76,"column":75}},"type":"cond-expr","locations":[{"start":{"line":76,"column":43},"end":{"line":76,"column":70}},{"start":{"line":76,"column":73},"end":{"line":76,"column":75}}],"line":76}},"s":{"0":0,"1":0,"2":0,"3":0,"4":0,"5":0,"6":0,"7":0,"8":0,"9":0,"10":0},"f":{"0":0,"1":0,"2":0},"b":{"0":[0,0],"1":[0,0],"2":[0,0],"3":[0,0]}}
,"D:\\Mobile Repo\\Front-end\\Front-end\\app\\CreateMoodPlaylistScreen.tsx": {"path":"D:\\Mobile Repo\\Front-end\\Front-end\\app\\CreateMoodPlaylistScreen.tsx","statementMap":{"0":{"start":{"line":32,"column":19},"end":{"line":32,"column":30}},"1":{"start":{"line":33,"column":44},"end":{"line":33,"column":59}},"2":{"start":{"line":34,"column":19},"end":{"line":34,"column":38}},"3":{"start":{"line":36,"column":34},"end":{"line":39,"column":6}},"4":{"start":{"line":41,"column":4},"end":{"line":43,"column":5}},"5":{"start":{"line":42,"column":8},"end":{"line":42,"column":20}},"6":{"start":{"line":45,"column":25},"end":{"line":100,"column":5}},"7":{"start":{"line":102,"column":23},"end":{"line":110,"column":5}},"8":{"start":{"line":103,"column":8},"end":{"line":109,"column":15}},"9":{"start":{"line":112,"column":4},"end":{"line":175,"column":6}},"10":{"start":{"line":132,"column":31},"end":{"line":132,"column":44}},"11":{"start":{"line":169,"column":38},"end":{"line":169,"column":43}}},"fnMap":{"0":{"name":"CreateMoodPlaylistScreen","decl":{"start":{"line":31,"column":24},"end":{"line":31,"column":48}},"loc":{"start":{"line":31,"column":51},"end":{"line":177,"column":1}},"line":31},"1":{"name":"(anonymous_1)","decl":{"start":{"line":102,"column":23},"end":{"line":102,"column":24}},"loc":{"start":{"line":103,"column":8},"end":{"line":109,"column":15}},"line":103},"2":{"name":"(anonymous_2)","decl":{"start":{"line":132,"column":25},"end":{"line":132,"column":26}},"loc":{"start":{"line":132,"column":31},"end":{"line":132,"column":44}},"line":132},"3":{"name":"(anonymous_3)","decl":{"start":{"line":169,"column":30},"end":{"line":169,"column":31}},"loc":{"start":{"line":169,"column":38},"end":{"line":169,"column":43}},"line":169}},"branchMap":{"0":{"loc":{"start":{"line":41,"column":4},"end":{"line":43,"column":5}},"type":"if","locations":[{"start":{"line":41,"column":4},"end":{"line":43,"column":5}},{"start":{},"end":{}}],"line":41},"1":{"loc":{"start":{"line":114,"column":25},"end":{"line":114,"column":85}},"type":"cond-expr","locations":[{"start":{"line":114,"column":53},"end":{"line":114,"column":81}},{"start":{"line":114,"column":84},"end":{"line":114,"column":85}}],"line":114},"2":{"loc":{"start":{"line":114,"column":53},"end":{"line":114,"column":81}},"type":"binary-expr","locations":[{"start":{"line":114,"column":53},"end":{"line":114,"column":76}},{"start":{"line":114,"column":80},"end":{"line":114,"column":81}}],"line":114},"3":{"loc":{"start":{"line":115,"column":27},"end":{"line":115,"column":75}},"type":"cond-expr","locations":[{"start":{"line":115,"column":43},"end":{"line":115,"column":70}},{"start":{"line":115,"column":73},"end":{"line":115,"column":75}}],"line":115}},"s":{"0":0,"1":0,"2":0,"3":0,"4":0,"5":0,"6":0,"7":0,"8":0,"9":0,"10":0,"11":0},"f":{"0":0,"1":0,"2":0,"3":0},"b":{"0":[0,0],"1":[0,0],"2":[0,0],"3":[0,0]}}
,"D:\\Mobile Repo\\Front-end\\Front-end\\app\\CreatePlaylist.tsx": {"path":"D:\\Mobile Repo\\Front-end\\Front-end\\app\\CreatePlaylist.tsx","statementMap":{"0":{"start":{"line":21,"column":44},"end":{"line":21,"column":56}},"1":{"start":{"line":22,"column":44},"end":{"line":22,"column":59}},"2":{"start":{"line":23,"column":42},"end":{"line":23,"column":57}},"3":{"start":{"line":24,"column":19},"end":{"line":24,"column":38}},"4":{"start":{"line":25,"column":19},"end":{"line":25,"column":30}},"5":{"start":{"line":26,"column":4},"end":{"line":84,"column":5}},"6":{"start":{"line":32,"column":87},"end":{"line":32,"column":114}},"7":{"start":{"line":49,"column":47},"end":{"line":49,"column":67}},"8":{"start":{"line":57,"column":54},"end":{"line":57,"column":75}},"9":{"start":{"line":66,"column":40},"end":{"line":66,"column":62}},"10":{"start":{"line":74,"column":51},"end":{"line":74,"column":72}}},"fnMap":{"0":{"name":"CreatePlaylist","decl":{"start":{"line":20,"column":24},"end":{"line":20,"column":38}},"loc":{"start":{"line":20,"column":40},"end":{"line":85,"column":1}},"line":20},"1":{"name":"(anonymous_1)","decl":{"start":{"line":32,"column":81},"end":{"line":32,"column":82}},"loc":{"start":{"line":32,"column":87},"end":{"line":32,"column":114}},"line":32},"2":{"name":"(anonymous_2)","decl":{"start":{"line":49,"column":41},"end":{"line":49,"column":42}},"loc":{"start":{"line":49,"column":47},"end":{"line":49,"column":67}},"line":49},"3":{"name":"(anonymous_3)","decl":{"start":{"line":57,"column":48},"end":{"line":57,"column":49}},"loc":{"start":{"line":57,"column":54},"end":{"line":57,"column":75}},"line":57},"4":{"name":"(anonymous_4)","decl":{"start":{"line":65,"column":45},"end":{"line":65,"column":46}},"loc":{"start":{"line":65,"column":51},"end":{"line":68,"column":37}},"line":65},"5":{"name":"(anonymous_5)","decl":{"start":{"line":74,"column":45},"end":{"line":74,"column":46}},"loc":{"start":{"line":74,"column":51},"end":{"line":74,"column":72}},"line":74}},"branchMap":{"0":{"loc":{"start":{"line":28,"column":47},"end":{"line":28,"column":102}},"type":"cond-expr","locations":[{"start":{"line":28,"column":75},"end":{"line":28,"column":98}},{"start":{"line":28,"column":101},"end":{"line":28,"column":102}}],"line":28},"1":{"loc":{"start":{"line":28,"column":119},"end":{"line":28,"column":167}},"type":"cond-expr","locations":[{"start":{"line":28,"column":135},"end":{"line":28,"column":162}},{"start":{"line":28,"column":165},"end":{"line":28,"column":167}}],"line":28},"2":{"loc":{"start":{"line":46,"column":51},"end":{"line":46,"column":82}},"type":"cond-expr","locations":[{"start":{"line":46,"column":66},"end":{"line":46,"column":73}},{"start":{"line":46,"column":76},"end":{"line":46,"column":82}}],"line":46}},"s":{"0":0,"1":0,"2":0,"3":0,"4":0,"5":0,"6":0,"7":0,"8":0,"9":0,"10":0},"f":{"0":0,"1":0,"2":0,"3":0,"4":0,"5":0},"b":{"0":[0,0],"1":[0,0],"2":[0,0]}}
,"D:\\Mobile Repo\\Front-end\\Front-end\\app\\HomeScreen.tsx": {"path":"D:\\Mobile Repo\\Front-end\\Front-end\\app\\HomeScreen.tsx","statementMap":{"0":{"start":{"line":31,"column":0},"end":{"line":31,"column":36}},"1":{"start":{"line":34,"column":35},"end":{"line":36,"column":6}},"2":{"start":{"line":38,"column":34},"end":{"line":41,"column":6}},"3":{"start":{"line":43,"column":24},"end":{"line":43,"column":71}},"4":{"start":{"line":44,"column":44},"end":{"line":44,"column":58}},"5":{"start":{"line":45,"column":19},"end":{"line":45,"column":30}},"6":{"start":{"line":47,"column":29},"end":{"line":52,"column":5}},"7":{"start":{"line":54,"column":21},"end":{"line":54,"column":22}},"8":{"start":{"line":55,"column":22},"end":{"line":55,"column":24}},"9":{"start":{"line":56,"column":16},"end":{"line":56,"column":18}},"10":{"start":{"line":57,"column":19},"end":{"line":57,"column":96}},"11":{"start":{"line":59,"column":4},"end":{"line":64,"column":24}},"12":{"start":{"line":60,"column":8},"end":{"line":60,"column":33}},"13":{"start":{"line":60,"column":26},"end":{"line":60,"column":33}},"14":{"start":{"line":61,"column":8},"end":{"line":63,"column":13}},"15":{"start":{"line":62,"column":10},"end":{"line":62,"column":41}},"16":{"start":{"line":66,"column":4},"end":{"line":68,"column":5}},"17":{"start":{"line":67,"column":8},"end":{"line":67,"column":20}},"18":{"start":{"line":70,"column":4},"end":{"line":165,"column":6}},"19":{"start":{"line":83,"column":38},"end":{"line":83,"column":43}},"20":{"start":{"line":97,"column":43},"end":{"line":97,"column":83}},"21":{"start":{"line":98,"column":52},"end":{"line":100,"column":30}},"22":{"start":{"line":121,"column":44},"end":{"line":121,"column":65}},"23":{"start":{"line":149,"column":20},"end":{"line":158,"column":39}},"24":{"start":{"line":152,"column":39},"end":{"line":152,"column":80}}},"fnMap":{"0":{"name":"HomeScreen","decl":{"start":{"line":33,"column":24},"end":{"line":33,"column":34}},"loc":{"start":{"line":33,"column":37},"end":{"line":166,"column":1}},"line":33},"1":{"name":"(anonymous_1)","decl":{"start":{"line":59,"column":14},"end":{"line":59,"column":15}},"loc":{"start":{"line":59,"column":20},"end":{"line":64,"column":7}},"line":59},"2":{"name":"(anonymous_2)","decl":{"start":{"line":61,"column":9},"end":{"line":61,"column":10}},"loc":{"start":{"line":61,"column":21},"end":{"line":63,"column":9}},"line":61},"3":{"name":"(anonymous_3)","decl":{"start":{"line":83,"column":30},"end":{"line":83,"column":31}},"loc":{"start":{"line":83,"column":38},"end":{"line":83,"column":43}},"line":83},"4":{"name":"(anonymous_4)","decl":{"start":{"line":97,"column":37},"end":{"line":97,"column":38}},"loc":{"start":{"line":97,"column":43},"end":{"line":97,"column":83}},"line":97},"5":{"name":"(anonymous_5)","decl":{"start":{"line":98,"column":35},"end":{"line":98,"column":36}},"loc":{"start":{"line":98,"column":52},"end":{"line":100,"column":30}},"line":98},"6":{"name":"(anonymous_6)","decl":{"start":{"line":120,"column":49},"end":{"line":120,"column":50}},"loc":{"start":{"line":120,"column":55},"end":{"line":122,"column":41}},"line":120},"7":{"name":"(anonymous_7)","decl":{"start":{"line":148,"column":28},"end":{"line":148,"column":29}},"loc":{"start":{"line":149,"column":20},"end":{"line":158,"column":39}},"line":149},"8":{"name":"(anonymous_8)","decl":{"start":{"line":152,"column":33},"end":{"line":152,"column":34}},"loc":{"start":{"line":152,"column":39},"end":{"line":152,"column":80}},"line":152}},"branchMap":{"0":{"loc":{"start":{"line":43,"column":24},"end":{"line":43,"column":71}},"type":"binary-expr","locations":[{"start":{"line":43,"column":24},"end":{"line":43,"column":46}},{"start":{"line":43,"column":50},"end":{"line":43,"column":71}}],"line":43},"1":{"loc":{"start":{"line":60,"column":8},"end":{"line":60,"column":33}},"type":"if","locations":[{"start":{"line":60,"column":8},"end":{"line":60,"column":33}},{"start":{},"end":{}}],"line":60},"2":{"loc":{"start":{"line":66,"column":4},"end":{"line":68,"column":5}},"type":"if","locations":[{"start":{"line":66,"column":4},"end":{"line":68,"column":5}},{"start":{},"end":{}}],"line":66},"3":{"loc":{"start":{"line":99,"column":41},"end":{"line":99,"column":59}},"type":"cond-expr","locations":[{"start":{"line":99,"column":51},"end":{"line":99,"column":55}},{"start":{"line":99,"column":58},"end":{"line":99,"column":59}}],"line":99}},"s":{"0":1,"1":4,"2":4,"3":4,"4":4,"5":4,"6":4,"7":4,"8":4,"9":4,"10":4,"11":4,"12":4,"13":0,"14":4,"15":4,"16":4,"17":0,"18":4,"19":24,"20":1,"21":4,"22":0,"23":16,"24":0},"f":{"0":4,"1":4,"2":4,"3":24,"4":1,"5":4,"6":0,"7":16,"8":0},"b":{"0":[4,4],"1":[0,4],"2":[0,4],"3":[0,4]},"_coverageSchema":"1a1c01bbd47fc00a2c39e90264f33305004495a9","hash":"bfc7433357dc05296d41ba22bc58ac7387debff8"}
,"D:\\Mobile Repo\\Front-end\\Front-end\\app\\MyMusic.tsx": {"path":"D:\\Mobile Repo\\Front-end\\Front-end\\app\\MyMusic.tsx","statementMap":{"0":{"start":{"line":33,"column":44},"end":{"line":33,"column":59}},"1":{"start":{"line":34,"column":19},"end":{"line":34,"column":38}},"2":{"start":{"line":35,"column":22},"end":{"line":42,"column":5}},"3":{"start":{"line":43,"column":19},"end":{"line":43,"column":30}},"4":{"start":{"line":44,"column":27},"end":{"line":51,"column":9}},"5":{"start":{"line":45,"column":12},"end":{"line":50,"column":31}},"6":{"start":{"line":45,"column":71},"end":{"line":47,"column":62}},"7":{"start":{"line":52,"column":4},"end":{"line":85,"column":5}},"8":{"start":{"line":73,"column":42},"end":{"line":73,"column":49}},"9":{"start":{"line":78,"column":113},"end":{"line":78,"column":147}}},"fnMap":{"0":{"name":"MyMusic","decl":{"start":{"line":32,"column":24},"end":{"line":32,"column":31}},"loc":{"start":{"line":32,"column":33},"end":{"line":86,"column":1}},"line":32},"1":{"name":"(anonymous_1)","decl":{"start":{"line":44,"column":27},"end":{"line":44,"column":28}},"loc":{"start":{"line":45,"column":12},"end":{"line":50,"column":31}},"line":45},"2":{"name":"(anonymous_2)","decl":{"start":{"line":45,"column":67},"end":{"line":45,"column":68}},"loc":{"start":{"line":45,"column":71},"end":{"line":47,"column":62}},"line":45},"3":{"name":"(anonymous_3)","decl":{"start":{"line":73,"column":34},"end":{"line":73,"column":35}},"loc":{"start":{"line":73,"column":42},"end":{"line":73,"column":49}},"line":73},"4":{"name":"(anonymous_4)","decl":{"start":{"line":78,"column":108},"end":{"line":78,"column":109}},"loc":{"start":{"line":78,"column":113},"end":{"line":78,"column":147}},"line":78}},"branchMap":{"0":{"loc":{"start":{"line":54,"column":46},"end":{"line":54,"column":101}},"type":"cond-expr","locations":[{"start":{"line":54,"column":74},"end":{"line":54,"column":97}},{"start":{"line":54,"column":100},"end":{"line":54,"column":101}}],"line":54},"1":{"loc":{"start":{"line":54,"column":118},"end":{"line":54,"column":166}},"type":"cond-expr","locations":[{"start":{"line":54,"column":134},"end":{"line":54,"column":161}},{"start":{"line":54,"column":164},"end":{"line":54,"column":166}}],"line":54},"2":{"loc":{"start":{"line":76,"column":88},"end":{"line":76,"column":106}},"type":"binary-expr","locations":[{"start":{"line":76,"column":88},"end":{"line":76,"column":101}},{"start":{"line":76,"column":105},"end":{"line":76,"column":106}}],"line":76},"3":{"loc":{"start":{"line":78,"column":77},"end":{"line":78,"column":95}},"type":"binary-expr","locations":[{"start":{"line":78,"column":77},"end":{"line":78,"column":90}},{"start":{"line":78,"column":94},"end":{"line":78,"column":95}}],"line":78}},"s":{"0":0,"1":0,"2":0,"3":0,"4":0,"5":0,"6":0,"7":0,"8":0,"9":0},"f":{"0":0,"1":0,"2":0,"3":0,"4":0},"b":{"0":[0,0],"1":[0,0],"2":[0,0],"3":[0,0]}}
,"D:\\Mobile Repo\\Front-end\\Front-end\\app\\NowPlayingScreen.tsx": {"path":"D:\\Mobile Repo\\Front-end\\Front-end\\app\\NowPlayingScreen.tsx","statementMap":{"0":{"start":{"line":20,"column":19},"end":{"line":20,"column":38}},"1":{"start":{"line":21,"column":76},"end":{"line":21,"column":87}},"2":{"start":{"line":22,"column":44},"end":{"line":22,"column":58}},"3":{"start":{"line":23,"column":32},"end":{"line":23,"column":45}},"4":{"start":{"line":24,"column":21},"end":{"line":24,"column":77}},"5":{"start":{"line":25,"column":22},"end":{"line":25,"column":36}},"6":{"start":{"line":26,"column":22},"end":{"line":26,"column":77}},"7":{"start":{"line":26,"column":49},"end":{"line":26,"column":76}},"8":{"start":{"line":28,"column":4},"end":{"line":34,"column":27}},"9":{"start":{"line":29,"column":8},"end":{"line":33,"column":19}},"10":{"start":{"line":36,"column":4},"end":{"line":163,"column":6}},"11":{"start":{"line":88,"column":43},"end":{"line":88,"column":66}},"12":{"start":{"line":88,"column":63},"end":{"line":88,"column":65}},"13":{"start":{"line":118,"column":54},"end":{"line":118,"column":83}},"14":{"start":{"line":129,"column":32},"end":{"line":134,"column":33}},"15":{"start":{"line":130,"column":36},"end":{"line":130,"column":63}},"16":{"start":{"line":131,"column":36},"end":{"line":131,"column":49}},"17":{"start":{"line":133,"column":36},"end":{"line":133,"column":65}},"18":{"start":{"line":154,"column":54},"end":{"line":154,"column":81}}},"fnMap":{"0":{"name":"NowPlayingScreen","decl":{"start":{"line":19,"column":24},"end":{"line":19,"column":40}},"loc":{"start":{"line":19,"column":100},"end":{"line":164,"column":1}},"line":19},"1":{"name":"(anonymous_1)","decl":{"start":{"line":26,"column":22},"end":{"line":26,"column":23}},"loc":{"start":{"line":26,"column":49},"end":{"line":26,"column":76}},"line":26},"2":{"name":"(anonymous_2)","decl":{"start":{"line":28,"column":14},"end":{"line":28,"column":15}},"loc":{"start":{"line":28,"column":20},"end":{"line":34,"column":5}},"line":28},"3":{"name":"(anonymous_3)","decl":{"start":{"line":88,"column":37},"end":{"line":88,"column":38}},"loc":{"start":{"line":88,"column":43},"end":{"line":88,"column":66}},"line":88},"4":{"name":"(anonymous_4)","decl":{"start":{"line":88,"column":56},"end":{"line":88,"column":57}},"loc":{"start":{"line":88,"column":63},"end":{"line":88,"column":65}},"line":88},"5":{"name":"(anonymous_5)","decl":{"start":{"line":118,"column":43},"end":{"line":118,"column":44}},"loc":{"start":{"line":118,"column":54},"end":{"line":118,"column":83}},"line":118},"6":{"name":"(anonymous_6)","decl":{"start":{"line":128,"column":37},"end":{"line":128,"column":38}},"loc":{"start":{"line":128,"column":43},"end":{"line":135,"column":29}},"line":128},"7":{"name":"(anonymous_7)","decl":{"start":{"line":154,"column":43},"end":{"line":154,"column":44}},"loc":{"start":{"line":154,"column":54},"end":{"line":154,"column":81}},"line":154}},"branchMap":{"0":{"loc":{"start":{"line":24,"column":49},"end":{"line":24,"column":67}},"type":"cond-expr","locations":[{"start":{"line":24,"column":62},"end":{"line":24,"column":63}},{"start":{"line":24,"column":66},"end":{"line":24,"column":67}}],"line":24},"1":{"loc":{"start":{"line":26,"column":49},"end":{"line":26,"column":76}},"type":"cond-expr","locations":[{"start":{"line":26,"column":68},"end":{"line":26,"column":72}},{"start":{"line":26,"column":75},"end":{"line":26,"column":76}}],"line":26},"2":{"loc":{"start":{"line":30,"column":21},"end":{"line":30,"column":41}},"type":"cond-expr","locations":[{"start":{"line":30,"column":36},"end":{"line":30,"column":37}},{"start":{"line":30,"column":40},"end":{"line":30,"column":41}}],"line":30},"3":{"loc":{"start":{"line":41,"column":33},"end":{"line":41,"column":93}},"type":"cond-expr","locations":[{"start":{"line":41,"column":61},"end":{"line":41,"column":89}},{"start":{"line":41,"column":92},"end":{"line":41,"column":93}}],"line":41},"4":{"loc":{"start":{"line":41,"column":61},"end":{"line":41,"column":89}},"type":"binary-expr","locations":[{"start":{"line":41,"column":61},"end":{"line":41,"column":84}},{"start":{"line":41,"column":88},"end":{"line":41,"column":89}}],"line":41},"5":{"loc":{"start":{"line":42,"column":35},"end":{"line":42,"column":83}},"type":"cond-expr","locations":[{"start":{"line":42,"column":51},"end":{"line":42,"column":78}},{"start":{"line":42,"column":81},"end":{"line":42,"column":83}}],"line":42},"6":{"loc":{"start":{"line":92,"column":44},"end":{"line":92,"column":72}},"type":"cond-expr","locations":[{"start":{"line":92,"column":56},"end":{"line":92,"column":63}},{"start":{"line":92,"column":66},"end":{"line":92,"column":72}}],"line":92},"7":{"loc":{"start":{"line":129,"column":32},"end":{"line":134,"column":33}},"type":"if","locations":[{"start":{"line":129,"column":32},"end":{"line":134,"column":33}},{"start":{"line":132,"column":39},"end":{"line":134,"column":33}}],"line":129}},"s":{"0":0,"1":0,"2":0,"3":0,"4":0,"5":0,"6":0,"7":0,"8":0,"9":0,"10":0,"11":0,"12":0,"13":0,"14":0,"15":0,"16":0,"17":0,"18":0},"f":{"0":0,"1":0,"2":0,"3":0,"4":0,"5":0,"6":0,"7":0},"b":{"0":[0,0],"1":[0,0],"2":[0,0],"3":[0,0],"4":[0,0],"5":[0,0],"6":[0,0],"7":[0,0]}}
,"D:\\Mobile Repo\\Front-end\\Front-end\\app\\PhoneScreen.tsx": {"path":"D:\\Mobile Repo\\Front-end\\Front-end\\app\\PhoneScreen.tsx","statementMap":{},"fnMap":{},"branchMap":{},"s":{},"f":{},"b":{}}
,"D:\\Mobile Repo\\Front-end\\Front-end\\app\\PlayerContext.tsx": {"path":"D:\\Mobile Repo\\Front-end\\Front-end\\app\\PlayerContext.tsx","statementMap":{"0":{"start":{"line":12,"column":22},"end":{"line":12,"column":71}},"1":{"start":{"line":15,"column":38},"end":{"line":15,"column":52}},"2":{"start":{"line":16,"column":39},"end":{"line":16,"column":53}},"3":{"start":{"line":17,"column":4},"end":{"line":21,"column":6}},"4":{"start":{"line":24,"column":25},"end":{"line":28,"column":1}},"5":{"start":{"line":25,"column":20},"end":{"line":25,"column":45}},"6":{"start":{"line":26,"column":4},"end":{"line":26,"column":82}},"7":{"start":{"line":26,"column":18},"end":{"line":26,"column":82}},"8":{"start":{"line":27,"column":4},"end":{"line":27,"column":19}}},"fnMap":{"0":{"name":"PlayerProvider","decl":{"start":{"line":14,"column":24},"end":{"line":14,"column":38}},"loc":{"start":{"line":14,"column":84},"end":{"line":22,"column":1}},"line":14},"1":{"name":"(anonymous_1)","decl":{"start":{"line":24,"column":25},"end":{"line":24,"column":26}},"loc":{"start":{"line":24,"column":31},"end":{"line":28,"column":1}},"line":24}},"branchMap":{"0":{"loc":{"start":{"line":26,"column":4},"end":{"line":26,"column":82}},"type":"if","locations":[{"start":{"line":26,"column":4},"end":{"line":26,"column":82}},{"start":{},"end":{}}],"line":26}},"s":{"0":0,"1":0,"2":0,"3":0,"4":0,"5":0,"6":0,"7":0,"8":0},"f":{"0":0,"1":0},"b":{"0":[0,0]}}
,"D:\\Mobile Repo\\Front-end\\Front-end\\app\\PlaylistSong.tsx": {"path":"D:\\Mobile Repo\\Front-end\\Front-end\\app\\PlaylistSong.tsx","statementMap":{"0":{"start":{"line":27,"column":44},"end":{"line":27,"column":59}},"1":{"start":{"line":28,"column":19},"end":{"line":28,"column":38}},"2":{"start":{"line":29,"column":19},"end":{"line":29,"column":30}},"3":{"start":{"line":30,"column":19},"end":{"line":30,"column":41}},"4":{"start":{"line":31,"column":24},"end":{"line":31,"column":66}},"5":{"start":{"line":32,"column":22},"end":{"line":32,"column":39}},"6":{"start":{"line":33,"column":26},"end":{"line":41,"column":9}},"7":{"start":{"line":42,"column":27},"end":{"line":50,"column":5}},"8":{"start":{"line":43,"column":8},"end":{"line":49,"column":15}},"9":{"start":{"line":51,"column":30},"end":{"line":53,"column":5}},"10":{"start":{"line":52,"column":8},"end":{"line":52,"column":43}},"11":{"start":{"line":55,"column":27},"end":{"line":57,"column":5}},"12":{"start":{"line":56,"column":8},"end":{"line":56,"column":40}},"13":{"start":{"line":59,"column":28},"end":{"line":61,"column":5}},"14":{"start":{"line":60,"column":8},"end":{"line":60,"column":41}},"15":{"start":{"line":62,"column":4},"end":{"line":97,"column":6}},"16":{"start":{"line":68,"column":79},"end":{"line":68,"column":106}},"17":{"start":{"line":92,"column":46},"end":{"line":92,"column":53}}},"fnMap":{"0":{"name":"PlaylistSong","decl":{"start":{"line":26,"column":24},"end":{"line":26,"column":36}},"loc":{"start":{"line":26,"column":38},"end":{"line":98,"column":1}},"line":26},"1":{"name":"(anonymous_1)","decl":{"start":{"line":42,"column":27},"end":{"line":42,"column":28}},"loc":{"start":{"line":43,"column":8},"end":{"line":49,"column":15}},"line":43},"2":{"name":"(anonymous_2)","decl":{"start":{"line":51,"column":30},"end":{"line":51,"column":31}},"loc":{"start":{"line":51,"column":36},"end":{"line":53,"column":5}},"line":51},"3":{"name":"(anonymous_3)","decl":{"start":{"line":55,"column":27},"end":{"line":55,"column":28}},"loc":{"start":{"line":55,"column":33},"end":{"line":57,"column":5}},"line":55},"4":{"name":"(anonymous_4)","decl":{"start":{"line":59,"column":28},"end":{"line":59,"column":29}},"loc":{"start":{"line":59,"column":34},"end":{"line":61,"column":5}},"line":59},"5":{"name":"(anonymous_5)","decl":{"start":{"line":68,"column":73},"end":{"line":68,"column":74}},"loc":{"start":{"line":68,"column":79},"end":{"line":68,"column":106}},"line":68},"6":{"name":"(anonymous_6)","decl":{"start":{"line":92,"column":38},"end":{"line":92,"column":39}},"loc":{"start":{"line":92,"column":46},"end":{"line":92,"column":53}},"line":92}},"branchMap":{"0":{"loc":{"start":{"line":31,"column":24},"end":{"line":31,"column":66}},"type":"binary-expr","locations":[{"start":{"line":31,"column":24},"end":{"line":31,"column":46}},{"start":{"line":31,"column":50},"end":{"line":31,"column":66}}],"line":31},"1":{"loc":{"start":{"line":64,"column":50},"end":{"line":64,"column":105}},"type":"cond-expr","locations":[{"start":{"line":64,"column":78},"end":{"line":64,"column":101}},{"start":{"line":64,"column":104},"end":{"line":64,"column":105}}],"line":64},"2":{"loc":{"start":{"line":64,"column":122},"end":{"line":64,"column":170}},"type":"cond-expr","locations":[{"start":{"line":64,"column":138},"end":{"line":64,"column":165}},{"start":{"line":64,"column":168},"end":{"line":64,"column":170}}],"line":64}},"s":{"0":0,"1":0,"2":0,"3":0,"4":0,"5":0,"6":0,"7":0,"8":0,"9":0,"10":0,"11":0,"12":0,"13":0,"14":0,"15":0,"16":0,"17":0},"f":{"0":0,"1":0,"2":0,"3":0,"4":0,"5":0,"6":0},"b":{"0":[0,0],"1":[0,0],"2":[0,0]}}
,"D:\\Mobile Repo\\Front-end\\Front-end\\app\\SearchScreen.tsx": {"path":"D:\\Mobile Repo\\Front-end\\Front-end\\app\\SearchScreen.tsx","statementMap":{"0":{"start":{"line":35,"column":32},"end":{"line":35,"column":56}},"1":{"start":{"line":36,"column":27},"end":{"line":36,"column":45}},"2":{"start":{"line":37,"column":26},"end":{"line":37,"column":44}},"3":{"start":{"line":38,"column":15},"end":{"line":38,"column":53}},"4":{"start":{"line":60,"column":19},"end":{"line":60,"column":30}},"5":{"start":{"line":61,"column":44},"end":{"line":61,"column":59}},"6":{"start":{"line":62,"column":19},"end":{"line":62,"column":38}},"7":{"start":{"line":64,"column":34},"end":{"line":67,"column":6}},"8":{"start":{"line":69,"column":25},"end":{"line":124,"column":5}},"9":{"start":{"line":126,"column":59},"end":{"line":132,"column":5}},"10":{"start":{"line":134,"column":39},"end":{"line":140,"column":5}},"11":{"start":{"line":142,"column":32},"end":{"line":148,"column":10}},"12":{"start":{"line":143,"column":26},"end":{"line":143,"column":28}},"13":{"start":{"line":144,"column":8},"end":{"line":146,"column":9}},"14":{"start":{"line":144,"column":21},"end":{"line":144,"column":22}},"15":{"start":{"line":145,"column":12},"end":{"line":145,"column":45}},"16":{"start":{"line":147,"column":8},"end":{"line":147,"column":90}},"17":{"start":{"line":147,"column":42},"end":{"line":147,"column":87}},"18":{"start":{"line":150,"column":23},"end":{"line":158,"column":5}},"19":{"start":{"line":151,"column":8},"end":{"line":157,"column":15}},"20":{"start":{"line":160,"column":37},"end":{"line":169,"column":5}},"21":{"start":{"line":161,"column":8},"end":{"line":168,"column":15}},"22":{"start":{"line":171,"column":32},"end":{"line":231,"column":5}},"23":{"start":{"line":176,"column":30},"end":{"line":204,"column":10}},"24":{"start":{"line":177,"column":31},"end":{"line":183,"column":13}},"25":{"start":{"line":185,"column":26},"end":{"line":190,"column":13}},"26":{"start":{"line":192,"column":28},"end":{"line":197,"column":13}},"27":{"start":{"line":199,"column":12},"end":{"line":203,"column":14}},"28":{"start":{"line":206,"column":8},"end":{"line":230,"column":10}},"29":{"start":{"line":233,"column":20},"end":{"line":233,"column":37}},"30":{"start":{"line":234,"column":21},"end":{"line":236,"column":6}},"31":{"start":{"line":235,"column":8},"end":{"line":235,"column":46}},"32":{"start":{"line":238,"column":4},"end":{"line":240,"column":5}},"33":{"start":{"line":239,"column":8},"end":{"line":239,"column":20}},"34":{"start":{"line":242,"column":4},"end":{"line":345,"column":6}},"35":{"start":{"line":273,"column":53},"end":{"line":273,"column":95}},"36":{"start":{"line":280,"column":48},"end":{"line":282,"column":26}},"37":{"start":{"line":292,"column":54},"end":{"line":292,"column":65}},"38":{"start":{"line":306,"column":48},"end":{"line":306,"column":62}},"39":{"start":{"line":319,"column":28},"end":{"line":323,"column":30}},"40":{"start":{"line":325,"column":57},"end":{"line":329,"column":25}},"41":{"start":{"line":339,"column":38},"end":{"line":339,"column":43}}},"fnMap":{"0":{"name":"SearchScreen","decl":{"start":{"line":59,"column":24},"end":{"line":59,"column":36}},"loc":{"start":{"line":59,"column":39},"end":{"line":346,"column":1}},"line":59},"1":{"name":"(anonymous_1)","decl":{"start":{"line":142,"column":46},"end":{"line":142,"column":47}},"loc":{"start":{"line":142,"column":52},"end":{"line":148,"column":5}},"line":142},"2":{"name":"(anonymous_2)","decl":{"start":{"line":147,"column":24},"end":{"line":147,"column":25}},"loc":{"start":{"line":147,"column":42},"end":{"line":147,"column":87}},"line":147},"3":{"name":"(anonymous_3)","decl":{"start":{"line":150,"column":23},"end":{"line":150,"column":24}},"loc":{"start":{"line":151,"column":8},"end":{"line":157,"column":15}},"line":151},"4":{"name":"(anonymous_4)","decl":{"start":{"line":160,"column":37},"end":{"line":160,"column":38}},"loc":{"start":{"line":161,"column":8},"end":{"line":168,"column":15}},"line":161},"5":{"name":"(anonymous_5)","decl":{"start":{"line":171,"column":32},"end":{"line":171,"column":33}},"loc":{"start":{"line":175,"column":10},"end":{"line":231,"column":5}},"line":175},"6":{"name":"(anonymous_6)","decl":{"start":{"line":176,"column":47},"end":{"line":176,"column":48}},"loc":{"start":{"line":176,"column":53},"end":{"line":204,"column":9}},"line":176},"7":{"name":"(anonymous_7)","decl":{"start":{"line":234,"column":46},"end":{"line":234,"column":47}},"loc":{"start":{"line":234,"column":57},"end":{"line":236,"column":5}},"line":234},"8":{"name":"(anonymous_8)","decl":{"start":{"line":273,"column":47},"end":{"line":273,"column":48}},"loc":{"start":{"line":273,"column":53},"end":{"line":273,"column":95}},"line":273},"9":{"name":"(anonymous_9)","decl":{"start":{"line":280,"column":31},"end":{"line":280,"column":32}},"loc":{"start":{"line":280,"column":48},"end":{"line":282,"column":26}},"line":280},"10":{"name":"(anonymous_10)","decl":{"start":{"line":292,"column":46},"end":{"line":292,"column":47}},"loc":{"start":{"line":292,"column":54},"end":{"line":292,"column":65}},"line":292},"11":{"name":"(anonymous_11)","decl":{"start":{"line":306,"column":38},"end":{"line":306,"column":39}},"loc":{"start":{"line":306,"column":48},"end":{"line":306,"column":62}},"line":306},"12":{"name":"(anonymous_12)","decl":{"start":{"line":318,"column":36},"end":{"line":318,"column":37}},"loc":{"start":{"line":319,"column":28},"end":{"line":323,"column":30}},"line":319},"13":{"name":"(anonymous_13)","decl":{"start":{"line":325,"column":39},"end":{"line":325,"column":40}},"loc":{"start":{"line":325,"column":57},"end":{"line":329,"column":25}},"line":325},"14":{"name":"(anonymous_14)","decl":{"start":{"line":339,"column":30},"end":{"line":339,"column":31}},"loc":{"start":{"line":339,"column":38},"end":{"line":339,"column":43}},"line":339}},"branchMap":{"0":{"loc":{"start":{"line":202,"column":24},"end":{"line":202,"column":88}},"type":"cond-expr","locations":[{"start":{"line":202,"column":82},"end":{"line":202,"column":84}},{"start":{"line":202,"column":87},"end":{"line":202,"column":88}}],"line":202},"1":{"loc":{"start":{"line":238,"column":4},"end":{"line":240,"column":5}},"type":"if","locations":[{"start":{"line":238,"column":4},"end":{"line":240,"column":5}},{"start":{},"end":{}}],"line":238},"2":{"loc":{"start":{"line":244,"column":25},"end":{"line":244,"column":85}},"type":"cond-expr","locations":[{"start":{"line":244,"column":53},"end":{"line":244,"column":81}},{"start":{"line":244,"column":84},"end":{"line":244,"column":85}}],"line":244},"3":{"loc":{"start":{"line":244,"column":53},"end":{"line":244,"column":81}},"type":"binary-expr","locations":[{"start":{"line":244,"column":53},"end":{"line":244,"column":76}},{"start":{"line":244,"column":80},"end":{"line":244,"column":81}}],"line":244},"4":{"loc":{"start":{"line":245,"column":27},"end":{"line":245,"column":75}},"type":"cond-expr","locations":[{"start":{"line":245,"column":43},"end":{"line":245,"column":70}},{"start":{"line":245,"column":73},"end":{"line":245,"column":75}}],"line":245},"5":{"loc":{"start":{"line":281,"column":37},"end":{"line":281,"column":55}},"type":"cond-expr","locations":[{"start":{"line":281,"column":47},"end":{"line":281,"column":51}},{"start":{"line":281,"column":54},"end":{"line":281,"column":55}}],"line":281}},"s":{"0":0,"1":0,"2":0,"3":0,"4":0,"5":0,"6":0,"7":0,"8":0,"9":0,"10":0,"11":0,"12":0,"13":0,"14":0,"15":0,"16":0,"17":0,"18":0,"19":0,"20":0,"21":0,"22":0,"23":0,"24":0,"25":0,"26":0,"27":0,"28":0,"29":0,"30":0,"31":0,"32":0,"33":0,"34":0,"35":0,"36":0,"37":0,"38":0,"39":0,"40":0,"41":0},"f":{"0":0,"1":0,"2":0,"3":0,"4":0,"5":0,"6":0,"7":0,"8":0,"9":0,"10":0,"11":0,"12":0,"13":0,"14":0},"b":{"0":[0,0],"1":[0,0],"2":[0,0],"3":[0,0],"4":[0,0],"5":[0,0]}}
,"D:\\Mobile Repo\\Front-end\\Front-end\\app\\_layout.tsx": {"path":"D:\\Mobile Repo\\Front-end\\Front-end\\app\\_layout.tsx","statementMap":{"0":{"start":{"line":9,"column":0},"end":{"line":9,"column":36}},"1":{"start":{"line":12,"column":19},"end":{"line":12,"column":30}},"2":{"start":{"line":13,"column":21},"end":{"line":13,"column":34}},"3":{"start":{"line":14,"column":52},"end":{"line":14,"column":67}},"4":{"start":{"line":16,"column":22},"end":{"line":16,"column":49}},"5":{"start":{"line":18,"column":4},"end":{"line":23,"column":11}},"6":{"start":{"line":19,"column":24},"end":{"line":21,"column":16}},"7":{"start":{"line":20,"column":12},"end":{"line":20,"column":37}},"8":{"start":{"line":22,"column":8},"end":{"line":22,"column":43}},"9":{"start":{"line":22,"column":21},"end":{"line":22,"column":42}},"10":{"start":{"line":25,"column":19},"end":{"line":33,"column":16}},"11":{"start":{"line":34,"column":22},"end":{"line":34,"column":173}},"12":{"start":{"line":36,"column":8},"end":{"line":43,"column":54}},"13":{"start":{"line":46,"column":4},"end":{"line":118,"column":6}},"14":{"start":{"line":82,"column":36},"end":{"line":99,"column":37}},"15":{"start":{"line":83,"column":40},"end":{"line":85,"column":41}},"16":{"start":{"line":84,"column":44},"end":{"line":84,"column":74}},"17":{"start":{"line":86,"column":40},"end":{"line":86,"column":71}},"18":{"start":{"line":87,"column":43},"end":{"line":99,"column":37}},"19":{"start":{"line":88,"column":40},"end":{"line":92,"column":41}},"20":{"start":{"line":89,"column":44},"end":{"line":89,"column":81}},"21":{"start":{"line":91,"column":44},"end":{"line":91,"column":72}},"22":{"start":{"line":93,"column":43},"end":{"line":99,"column":37}},"23":{"start":{"line":94,"column":40},"end":{"line":94,"column":92}},"24":{"start":{"line":94,"column":62},"end":{"line":94,"column":92}},"25":{"start":{"line":95,"column":40},"end":{"line":95,"column":73}},"26":{"start":{"line":96,"column":43},"end":{"line":99,"column":37}},"27":{"start":{"line":97,"column":40},"end":{"line":97,"column":92}},"28":{"start":{"line":97,"column":62},"end":{"line":97,"column":92}},"29":{"start":{"line":98,"column":40},"end":{"line":98,"column":68}},"30":{"start":{"line":109,"column":57},"end":{"line":109,"column":86}}},"fnMap":{"0":{"name":"RootLayout","decl":{"start":{"line":11,"column":24},"end":{"line":11,"column":34}},"loc":{"start":{"line":11,"column":37},"end":{"line":119,"column":1}},"line":11},"1":{"name":"(anonymous_1)","decl":{"start":{"line":18,"column":14},"end":{"line":18,"column":15}},"loc":{"start":{"line":18,"column":20},"end":{"line":23,"column":5}},"line":18},"2":{"name":"(anonymous_2)","decl":{"start":{"line":19,"column":35},"end":{"line":19,"column":36}},"loc":{"start":{"line":19,"column":41},"end":{"line":21,"column":9}},"line":19},"3":{"name":"(anonymous_3)","decl":{"start":{"line":22,"column":15},"end":{"line":22,"column":16}},"loc":{"start":{"line":22,"column":21},"end":{"line":22,"column":42}},"line":22},"4":{"name":"(anonymous_4)","decl":{"start":{"line":81,"column":41},"end":{"line":81,"column":42}},"loc":{"start":{"line":81,"column":48},"end":{"line":100,"column":33}},"line":81},"5":{"name":"(anonymous_5)","decl":{"start":{"line":109,"column":43},"end":{"line":109,"column":44}},"loc":{"start":{"line":109,"column":57},"end":{"line":109,"column":86}},"line":109}},"branchMap":{"0":{"loc":{"start":{"line":25,"column":19},"end":{"line":33,"column":16}},"type":"cond-expr","locations":[{"start":{"line":26,"column":10},"end":{"line":26,"column":17}},{"start":{"line":27,"column":10},"end":{"line":33,"column":16}}],"line":25},"1":{"loc":{"start":{"line":27,"column":10},"end":{"line":33,"column":16}},"type":"cond-expr","locations":[{"start":{"line":28,"column":10},"end":{"line":28,"column":16}},{"start":{"line":29,"column":10},"end":{"line":33,"column":16}}],"line":27},"2":{"loc":{"start":{"line":29,"column":10},"end":{"line":33,"column":16}},"type":"cond-expr","locations":[{"start":{"line":30,"column":10},"end":{"line":30,"column":18}},{"start":{"line":31,"column":4},"end":{"line":33,"column":16}}],"line":29},"3":{"loc":{"start":{"line":29,"column":11},"end":{"line":29,"column":97}},"type":"binary-expr","locations":[{"start":{"line":29,"column":11},"end":{"line":29,"column":47}},{"start":{"line":29,"column":51},"end":{"line":29,"column":97}}],"line":29},"4":{"loc":{"start":{"line":31,"column":4},"end":{"line":33,"column":16}},"type":"cond-expr","locations":[{"start":{"line":32,"column":10},"end":{"line":32,"column":17}},{"start":{"line":33,"column":10},"end":{"line":33,"column":16}}],"line":31},"5":{"loc":{"start":{"line":31,"column":4},"end":{"line":31,"column":113}},"type":"binary-expr","locations":[{"start":{"line":31,"column":4},"end":{"line":31,"column":35}},{"start":{"line":31,"column":37},"end":{"line":31,"column":75}},{"start":{"line":31,"column":77},"end":{"line":31,"column":113}}],"line":31},"6":{"loc":{"start":{"line":34,"column":22},"end":{"line":34,"column":173}},"type":"binary-expr","locations":[{"start":{"line":34,"column":22},"end":{"line":34,"column":62}},{"start":{"line":34,"column":64},"end":{"line":34,"column":95}},{"start":{"line":34,"column":97},"end":{"line":34,"column":135}},{"start":{"line":34,"column":137},"end":{"line":34,"column":173}}],"line":34},"7":{"loc":{"start":{"line":36,"column":8},"end":{"line":43,"column":54}},"type":"binary-expr","locations":[{"start":{"line":36,"column":8},"end":{"line":36,"column":42}},{"start":{"line":37,"column":8},"end":{"line":37,"column":48}},{"start":{"line":38,"column":8},"end":{"line":38,"column":56}},{"start":{"line":39,"column":8},"end":{"line":39,"column":44}},{"start":{"line":40,"column":8},"end":{"line":40,"column":39}},{"start":{"line":41,"column":8},"end":{"line":41,"column":46}},{"start":{"line":42,"column":8},"end":{"line":42,"column":44}},{"start":{"line":43,"column":8},"end":{"line":43,"column":54}}],"line":36},"8":{"loc":{"start":{"line":75,"column":2},"end":{"line":115,"column":37}},"type":"binary-expr","locations":[{"start":{"line":75,"column":2},"end":{"line":75,"column":17}},{"start":{"line":76,"column":16},"end":{"line":114,"column":23}}],"line":75},"9":{"loc":{"start":{"line":82,"column":36},"end":{"line":99,"column":37}},"type":"if","locations":[{"start":{"line":82,"column":36},"end":{"line":99,"column":37}},{"start":{"line":87,"column":43},"end":{"line":99,"column":37}}],"line":82},"10":{"loc":{"start":{"line":83,"column":40},"end":{"line":85,"column":41}},"type":"if","locations":[{"start":{"line":83,"column":40},"end":{"line":85,"column":41}},{"start":{},"end":{}}],"line":83},"11":{"loc":{"start":{"line":83,"column":44},"end":{"line":83,"column":90}},"type":"binary-expr","locations":[{"start":{"line":83,"column":44},"end":{"line":83,"column":70}},{"start":{"line":83,"column":74},"end":{"line":83,"column":90}}],"line":83},"12":{"loc":{"start":{"line":87,"column":43},"end":{"line":99,"column":37}},"type":"if","locations":[{"start":{"line":87,"column":43},"end":{"line":99,"column":37}},{"start":{"line":93,"column":43},"end":{"line":99,"column":37}}],"line":87},"13":{"loc":{"start":{"line":88,"column":40},"end":{"line":92,"column":41}},"type":"if","locations":[{"start":{"line":88,"column":40},"end":{"line":92,"column":41}},{"start":{"line":90,"column":47},"end":{"line":92,"column":41}}],"line":88},"14":{"loc":{"start":{"line":88,"column":44},"end":{"line":88,"column":157}},"type":"binary-expr","locations":[{"start":{"line":88,"column":44},"end":{"line":88,"column":75}},{"start":{"line":88,"column":79},"end":{"line":88,"column":117}},{"start":{"line":88,"column":121},"end":{"line":88,"column":157}}],"line":88},"15":{"loc":{"start":{"line":93,"column":43},"end":{"line":99,"column":37}},"type":"if","locations":[{"start":{"line":93,"column":43},"end":{"line":99,"column":37}},{"start":{"line":96,"column":43},"end":{"line":99,"column":37}}],"line":93},"16":{"loc":{"start":{"line":94,"column":40},"end":{"line":94,"column":92}},"type":"if","locations":[{"start":{"line":94,"column":40},"end":{"line":94,"column":92}},{"start":{},"end":{}}],"line":94},"17":{"loc":{"start":{"line":96,"column":43},"end":{"line":99,"column":37}},"type":"if","locations":[{"start":{"line":96,"column":43},"end":{"line":99,"column":37}},{"start":{},"end":{}}],"line":96},"18":{"loc":{"start":{"line":97,"column":40},"end":{"line":97,"column":92}},"type":"if","locations":[{"start":{"line":97,"column":40},"end":{"line":97,"column":92}},{"start":{},"end":{}}],"line":97},"19":{"loc":{"start":{"line":104,"column":21},"end":{"line":112,"column":21}},"type":"binary-expr","locations":[{"start":{"line":104,"column":21},"end":{"line":104,"column":34}},{"start":{"line":105,"column":24},"end":{"line":111,"column":27}}],"line":104},"20":{"loc":{"start":{"line":108,"column":36},"end":{"line":108,"column":87}},"type":"binary-expr","locations":[{"start":{"line":108,"column":36},"end":{"line":108,"column":62}},{"start":{"line":108,"column":66},"end":{"line":108,"column":87}}],"line":108}},"s":{"0":0,"1":0,"2":0,"3":0,"4":0,"5":0,"6":0,"7":0,"8":0,"9":0,"10":0,"11":0,"12":0,"13":0,"14":0,"15":0,"16":0,"17":0,"18":0,"19":0,"20":0,"21":0,"22":0,"23":0,"24":0,"25":0,"26":0,"27":0,"28":0,"29":0,"30":0},"f":{"0":0,"1":0,"2":0,"3":0,"4":0,"5":0},"b":{"0":[0,0],"1":[0,0],"2":[0,0],"3":[0,0],"4":[0,0],"5":[0,0,0],"6":[0,0,0,0],"7":[0,0,0,0,0,0,0,0],"8":[0,0],"9":[0,0],"10":[0,0],"11":[0,0],"12":[0,0],"13":[0,0],"14":[0,0,0],"15":[0,0],"16":[0,0],"17":[0,0],"18":[0,0],"19":[0,0],"20":[0,0]}}
,"D:\\Mobile Repo\\Front-end\\Front-end\\app\\index.tsx": {"path":"D:\\Mobile Repo\\Front-end\\Front-end\\app\\index.tsx","statementMap":{"0":{"start":{"line":7,"column":26},"end":{"line":7,"column":50}},"1":{"start":{"line":9,"column":14},"end":{"line":15,"column":2}},"2":{"start":{"line":18,"column":17},"end":{"line":18,"column":28}},"3":{"start":{"line":58,"column":2},"end":{"line":69,"column":4}},"4":{"start":{"line":62,"column":25},"end":{"line":62,"column":54}}},"fnMap":{"0":{"name":"Index","decl":{"start":{"line":17,"column":24},"end":{"line":17,"column":29}},"loc":{"start":{"line":17,"column":32},"end":{"line":70,"column":1}},"line":17},"1":{"name":"(anonymous_1)","decl":{"start":{"line":62,"column":19},"end":{"line":62,"column":20}},"loc":{"start":{"line":62,"column":25},"end":{"line":62,"column":54}},"line":62}},"branchMap":{},"s":{"0":0,"1":0,"2":0,"3":0,"4":0},"f":{"0":0,"1":0},"b":{}}
,"D:\\Mobile Repo\\Front-end\\Front-end\\app\\onboarding.tsx": {"path":"D:\\Mobile Repo\\Front-end\\Front-end\\app\\onboarding.tsx","statementMap":{"0":{"start":{"line":18,"column":0},"end":{"line":18,"column":45}},"1":{"start":{"line":20,"column":26},"end":{"line":20,"column":50}},"2":{"start":{"line":22,"column":23},"end":{"line":49,"column":1}},"3":{"start":{"line":52,"column":17},"end":{"line":52,"column":28}},"4":{"start":{"line":53,"column":28},"end":{"line":53,"column":39}},"5":{"start":{"line":54,"column":22},"end":{"line":54,"column":49}},"6":{"start":{"line":55,"column":18},"end":{"line":55,"column":55}},"7":{"start":{"line":57,"column":25},"end":{"line":69,"column":3}},"8":{"start":{"line":58,"column":4},"end":{"line":68,"column":5}},"9":{"start":{"line":59,"column":24},"end":{"line":59,"column":33}},"10":{"start":{"line":60,"column":6},"end":{"line":62,"column":7}},"11":{"start":{"line":61,"column":8},"end":{"line":61,"column":64}},"12":{"start":{"line":63,"column":6},"end":{"line":63,"column":26}},"13":{"start":{"line":66,"column":6},"end":{"line":66,"column":62}},"14":{"start":{"line":67,"column":6},"end":{"line":67,"column":36}},"15":{"start":{"line":71,"column":25},"end":{"line":75,"column":3}},"16":{"start":{"line":73,"column":4},"end":{"line":73,"column":60}},"17":{"start":{"line":74,"column":4},"end":{"line":74,"column":34}},"18":{"start":{"line":77,"column":21},"end":{"line":93,"column":3}},"19":{"start":{"line":78,"column":4},"end":{"line":92,"column":6}},"20":{"start":{"line":95,"column":2},"end":{"line":143,"column":4}},"21":{"start":{"line":107,"column":32},"end":{"line":107,"column":50}},"22":{"start":{"line":114,"column":10},"end":{"line":121,"column":18}},"23":{"start":{"line":115,"column":12},"end":{"line":120,"column":13}},"24":{"start":{"line":116,"column":14},"end":{"line":119,"column":17}},"25":{"start":{"line":148,"column":15},"end":{"line":191,"column":2}}},"fnMap":{"0":{"name":"Onboarding","decl":{"start":{"line":51,"column":9},"end":{"line":51,"column":19}},"loc":{"start":{"line":51,"column":22},"end":{"line":144,"column":1}},"line":51},"1":{"name":"(anonymous_1)","decl":{"start":{"line":57,"column":25},"end":{"line":57,"column":26}},"loc":{"start":{"line":57,"column":37},"end":{"line":69,"column":3}},"line":57},"2":{"name":"(anonymous_2)","decl":{"start":{"line":71,"column":25},"end":{"line":71,"column":26}},"loc":{"start":{"line":71,"column":37},"end":{"line":75,"column":3}},"line":71},"3":{"name":"(anonymous_3)","decl":{"start":{"line":77,"column":21},"end":{"line":77,"column":22}},"loc":{"start":{"line":77,"column":73},"end":{"line":93,"column":3}},"line":77},"4":{"name":"(anonymous_4)","decl":{"start":{"line":107,"column":22},"end":{"line":107,"column":23}},"loc":{"start":{"line":107,"column":32},"end":{"line":107,"column":50}},"line":107},"5":{"name":"(anonymous_5)","decl":{"start":{"line":113,"column":31},"end":{"line":113,"column":32}},"loc":{"start":{"line":113,"column":41},"end":{"line":122,"column":9}},"line":113},"6":{"name":"(anonymous_6)","decl":{"start":{"line":114,"column":21},"end":{"line":114,"column":22}},"loc":{"start":{"line":114,"column":27},"end":{"line":121,"column":11}},"line":114}},"branchMap":{"0":{"loc":{"start":{"line":58,"column":4},"end":{"line":68,"column":5}},"type":"if","locations":[{"start":{"line":58,"column":4},"end":{"line":68,"column":5}},{"start":{"line":64,"column":11},"end":{"line":68,"column":5}}],"line":58},"1":{"loc":{"start":{"line":60,"column":6},"end":{"line":62,"column":7}},"type":"if","locations":[{"start":{"line":60,"column":6},"end":{"line":62,"column":7}},{"start":{},"end":{}}],"line":60},"2":{"loc":{"start":{"line":115,"column":12},"end":{"line":120,"column":13}},"type":"if","locations":[{"start":{"line":115,"column":12},"end":{"line":120,"column":13}},{"start":{},"end":{}}],"line":115},"3":{"loc":{"start":{"line":130,"column":13},"end":{"line":130,"column":73}},"type":"cond-expr","locations":[{"start":{"line":130,"column":51},"end":{"line":130,"column":64}},{"start":{"line":130,"column":67},"end":{"line":130,"column":73}}],"line":130}},"s":{"0":1,"1":1,"2":1,"3":5,"4":5,"5":5,"6":5,"7":5,"8":1,"9":1,"10":1,"11":1,"12":1,"13":0,"14":0,"15":5,"16":1,"17":1,"18":5,"19":20,"20":5,"21":24,"22":1,"23":1,"24":0,"25":1},"f":{"0":5,"1":1,"2":1,"3":20,"4":24,"5":1,"6":1},"b":{"0":[1,0],"1":[1,0],"2":[0,1],"3":[0,5]},"_coverageSchema":"1a1c01bbd47fc00a2c39e90264f33305004495a9","hash":"638294676da0600226852f649c8e5a345024c9ac"}
,"D:\\Mobile Repo\\Front-end\\Front-end\\app\\src\\signin\\ChooseType.tsx": {"path":"D:\\Mobile Repo\\Front-end\\Front-end\\app\\src\\signin\\ChooseType.tsx","statementMap":{"0":{"start":{"line":6,"column":19},"end":{"line":32,"column":1}},"1":{"start":{"line":7,"column":17},"end":{"line":7,"column":28}},"2":{"start":{"line":9,"column":2},"end":{"line":31,"column":4}},"3":{"start":{"line":16,"column":69},"end":{"line":16,"column":106}}},"fnMap":{"0":{"name":"(anonymous_0)","decl":{"start":{"line":6,"column":19},"end":{"line":6,"column":20}},"loc":{"start":{"line":6,"column":25},"end":{"line":32,"column":1}},"line":6},"1":{"name":"(anonymous_1)","decl":{"start":{"line":16,"column":63},"end":{"line":16,"column":64}},"loc":{"start":{"line":16,"column":69},"end":{"line":16,"column":106}},"line":16}},"branchMap":{},"s":{"0":0,"1":0,"2":0,"3":0},"f":{"0":0,"1":0},"b":{}}
,"D:\\Mobile Repo\\Front-end\\Front-end\\app\\src\\signin\\Login.tsx": {"path":"D:\\Mobile Repo\\Front-end\\Front-end\\app\\src\\signin\\Login.tsx","statementMap":{"0":{"start":{"line":9,"column":19},"end":{"line":9,"column":30}},"1":{"start":{"line":10,"column":36},"end":{"line":10,"column":56}},"2":{"start":{"line":11,"column":36},"end":{"line":11,"column":56}},"3":{"start":{"line":12,"column":40},"end":{"line":12,"column":64}},"4":{"start":{"line":13,"column":44},"end":{"line":13,"column":68}},"5":{"start":{"line":14,"column":31},"end":{"line":16,"column":5}},"6":{"start":{"line":15,"column":8},"end":{"line":15,"column":39}},"7":{"start":{"line":17,"column":4},"end":{"line":66,"column":6}},"8":{"start":{"line":48,"column":25},"end":{"line":48,"column":51}},"9":{"start":{"line":58,"column":23},"end":{"line":58,"column":53}},"10":{"start":{"line":63,"column":88},"end":{"line":63,"column":121}}},"fnMap":{"0":{"name":"LoginScreen","decl":{"start":{"line":8,"column":24},"end":{"line":8,"column":35}},"loc":{"start":{"line":8,"column":38},"end":{"line":67,"column":1}},"line":8},"1":{"name":"(anonymous_1)","decl":{"start":{"line":14,"column":31},"end":{"line":14,"column":32}},"loc":{"start":{"line":14,"column":37},"end":{"line":16,"column":5}},"line":14},"2":{"name":"(anonymous_2)","decl":{"start":{"line":48,"column":19},"end":{"line":48,"column":20}},"loc":{"start":{"line":48,"column":25},"end":{"line":48,"column":51}},"line":48},"3":{"name":"(anonymous_3)","decl":{"start":{"line":58,"column":19},"end":{"line":58,"column":20}},"loc":{"start":{"line":58,"column":23},"end":{"line":58,"column":53}},"line":58},"4":{"name":"(anonymous_4)","decl":{"start":{"line":63,"column":82},"end":{"line":63,"column":83}},"loc":{"start":{"line":63,"column":88},"end":{"line":63,"column":121}},"line":63}},"branchMap":{"0":{"loc":{"start":{"line":38,"column":26},"end":{"line":38,"column":58}},"type":"cond-expr","locations":[{"start":{"line":38,"column":41},"end":{"line":38,"column":50}},{"start":{"line":38,"column":53},"end":{"line":38,"column":58}}],"line":38},"1":{"loc":{"start":{"line":50,"column":47},"end":{"line":50,"column":83}},"type":"binary-expr","locations":[{"start":{"line":50,"column":47},"end":{"line":50,"column":57}},{"start":{"line":50,"column":61},"end":{"line":50,"column":83}}],"line":50},"2":{"loc":{"start":{"line":51,"column":13},"end":{"line":51,"column":66}},"type":"binary-expr","locations":[{"start":{"line":51,"column":13},"end":{"line":51,"column":23}},{"start":{"line":51,"column":27},"end":{"line":51,"column":66}}],"line":51},"3":{"loc":{"start":{"line":56,"column":69},"end":{"line":56,"column":106}},"type":"cond-expr","locations":[{"start":{"line":56,"column":90},"end":{"line":56,"column":97}},{"start":{"line":56,"column":100},"end":{"line":56,"column":106}}],"line":56},"4":{"loc":{"start":{"line":56,"column":69},"end":{"line":56,"column":87}},"type":"binary-expr","locations":[{"start":{"line":56,"column":69},"end":{"line":56,"column":77}},{"start":{"line":56,"column":79},"end":{"line":56,"column":87}}],"line":56},"5":{"loc":{"start":{"line":57,"column":20},"end":{"line":57,"column":40}},"type":"binary-expr","locations":[{"start":{"line":57,"column":20},"end":{"line":57,"column":29}},{"start":{"line":57,"column":31},"end":{"line":57,"column":40}}],"line":57}},"s":{"0":0,"1":0,"2":0,"3":0,"4":0,"5":0,"6":0,"7":0,"8":0,"9":0,"10":0},"f":{"0":0,"1":0,"2":0,"3":0,"4":0},"b":{"0":[0,0],"1":[0,0],"2":[0,0],"3":[0,0],"4":[0,0],"5":[0,0]}}
,"D:\\Mobile Repo\\Front-end\\Front-end\\app\\src\\signin\\Otpsign.tsx": {"path":"D:\\Mobile Repo\\Front-end\\Front-end\\app\\src\\signin\\Otpsign.tsx","statementMap":{"0":{"start":{"line":6,"column":16},"end":{"line":73,"column":1}},"1":{"start":{"line":7,"column":19},"end":{"line":7,"column":30}},"2":{"start":{"line":8,"column":25},"end":{"line":8,"column":61}},"3":{"start":{"line":9,"column":17},"end":{"line":9,"column":40}},"4":{"start":{"line":10,"column":17},"end":{"line":10,"column":40}},"5":{"start":{"line":11,"column":17},"end":{"line":11,"column":40}},"6":{"start":{"line":12,"column":17},"end":{"line":12,"column":40}},"7":{"start":{"line":13,"column":17},"end":{"line":13,"column":41}},"8":{"start":{"line":14,"column":28},"end":{"line":23,"column":5}},"9":{"start":{"line":15,"column":23},"end":{"line":15,"column":31}},"10":{"start":{"line":16,"column":8},"end":{"line":16,"column":29}},"11":{"start":{"line":17,"column":8},"end":{"line":17,"column":23}},"12":{"start":{"line":20,"column":8},"end":{"line":22,"column":9}},"13":{"start":{"line":21,"column":12},"end":{"line":21,"column":46}},"14":{"start":{"line":25,"column":23},"end":{"line":31,"column":5}},"15":{"start":{"line":26,"column":21},"end":{"line":26,"column":33}},"16":{"start":{"line":27,"column":8},"end":{"line":27,"column":34}},"17":{"start":{"line":28,"column":8},"end":{"line":28,"column":44}},"18":{"start":{"line":32,"column":25},"end":{"line":36,"column":5}},"19":{"start":{"line":33,"column":8},"end":{"line":33,"column":34}},"20":{"start":{"line":38,"column":4},"end":{"line":72,"column":5}},"21":{"start":{"line":43,"column":12},"end":{"line":52,"column":14}},"22":{"start":{"line":47,"column":38},"end":{"line":47,"column":66}},"23":{"start":{"line":65,"column":39},"end":{"line":65,"column":52}}},"fnMap":{"0":{"name":"(anonymous_0)","decl":{"start":{"line":6,"column":16},"end":{"line":6,"column":17}},"loc":{"start":{"line":6,"column":21},"end":{"line":73,"column":1}},"line":6},"1":{"name":"(anonymous_1)","decl":{"start":{"line":14,"column":28},"end":{"line":14,"column":29}},"loc":{"start":{"line":14,"column":61},"end":{"line":23,"column":5}},"line":14},"2":{"name":"(anonymous_2)","decl":{"start":{"line":25,"column":23},"end":{"line":25,"column":24}},"loc":{"start":{"line":25,"column":29},"end":{"line":31,"column":5}},"line":25},"3":{"name":"(anonymous_3)","decl":{"start":{"line":32,"column":25},"end":{"line":32,"column":26}},"loc":{"start":{"line":32,"column":31},"end":{"line":36,"column":5}},"line":32},"4":{"name":"(anonymous_4)","decl":{"start":{"line":42,"column":19},"end":{"line":42,"column":20}},"loc":{"start":{"line":43,"column":12},"end":{"line":52,"column":14}},"line":43},"5":{"name":"(anonymous_5)","decl":{"start":{"line":47,"column":28},"end":{"line":47,"column":29}},"loc":{"start":{"line":47,"column":38},"end":{"line":47,"column":66}},"line":47},"6":{"name":"(anonymous_6)","decl":{"start":{"line":65,"column":35},"end":{"line":65,"column":36}},"loc":{"start":{"line":65,"column":39},"end":{"line":65,"column":52}},"line":65}},"branchMap":{"0":{"loc":{"start":{"line":20,"column":8},"end":{"line":22,"column":9}},"type":"if","locations":[{"start":{"line":20,"column":8},"end":{"line":22,"column":9}},{"start":{},"end":{}}],"line":20},"1":{"loc":{"start":{"line":20,"column":12},"end":{"line":20,"column":29}},"type":"binary-expr","locations":[{"start":{"line":20,"column":12},"end":{"line":20,"column":16}},{"start":{"line":20,"column":20},"end":{"line":20,"column":29}}],"line":20}},"s":{"0":0,"1":0,"2":0,"3":0,"4":0,"5":0,"6":0,"7":0,"8":0,"9":0,"10":0,"11":0,"12":0,"13":0,"14":0,"15":0,"16":0,"17":0,"18":0,"19":0,"20":0,"21":0,"22":0,"23":0},"f":{"0":0,"1":0,"2":0,"3":0,"4":0,"5":0,"6":0},"b":{"0":[0,0],"1":[0,0]}}
,"D:\\Mobile Repo\\Front-end\\Front-end\\app\\src\\signin\\PhoneInput.tsx": {"path":"D:\\Mobile Repo\\Front-end\\Front-end\\app\\src\\signin\\PhoneInput.tsx","statementMap":{"0":{"start":{"line":23,"column":19},"end":{"line":23,"column":30}},"1":{"start":{"line":24,"column":42},"end":{"line":24,"column":62}},"2":{"start":{"line":26,"column":4},"end":{"line":26,"column":35}},"3":{"start":{"line":28,"column":4},"end":{"line":28,"column":32}},"4":{"start":{"line":31,"column":4},"end":{"line":31,"column":32}},"5":{"start":{"line":33,"column":19},"end":{"line":33,"column":38}},"6":{"start":{"line":34,"column":4},"end":{"line":53,"column":5}},"7":{"start":{"line":50,"column":45},"end":{"line":50,"column":79}},"8":{"start":{"line":50,"column":100},"end":{"line":50,"column":113}}},"fnMap":{"0":{"name":"PhoneInputScreen","decl":{"start":{"line":22,"column":24},"end":{"line":22,"column":40}},"loc":{"start":{"line":22,"column":42},"end":{"line":54,"column":1}},"line":22},"1":{"name":"handleSelectedCountry","decl":{"start":{"line":27,"column":13},"end":{"line":27,"column":34}},"loc":{"start":{"line":27,"column":54},"end":{"line":29,"column":5}},"line":27},"2":{"name":"handleInputValue","decl":{"start":{"line":30,"column":13},"end":{"line":30,"column":29}},"loc":{"start":{"line":30,"column":51},"end":{"line":32,"column":5}},"line":30},"3":{"name":"(anonymous_3)","decl":{"start":{"line":50,"column":41},"end":{"line":50,"column":42}},"loc":{"start":{"line":50,"column":45},"end":{"line":50,"column":79}},"line":50},"4":{"name":"(anonymous_4)","decl":{"start":{"line":50,"column":94},"end":{"line":50,"column":95}},"loc":{"start":{"line":50,"column":100},"end":{"line":50,"column":113}},"line":50}},"branchMap":{"0":{"loc":{"start":{"line":36,"column":66},"end":{"line":36,"column":121}},"type":"cond-expr","locations":[{"start":{"line":36,"column":94},"end":{"line":36,"column":117}},{"start":{"line":36,"column":120},"end":{"line":36,"column":121}}],"line":36},"1":{"loc":{"start":{"line":36,"column":138},"end":{"line":36,"column":186}},"type":"cond-expr","locations":[{"start":{"line":36,"column":154},"end":{"line":36,"column":181}},{"start":{"line":36,"column":184},"end":{"line":36,"column":186}}],"line":36}},"s":{"0":0,"1":0,"2":0,"3":0,"4":0,"5":0,"6":0,"7":0,"8":0},"f":{"0":0,"1":0,"2":0,"3":0,"4":0},"b":{"0":[0,0],"1":[0,0]}}
,"D:\\Mobile Repo\\Front-end\\Front-end\\app\\src\\signin\\Signup.tsx": {"path":"D:\\Mobile Repo\\Front-end\\Front-end\\app\\src\\signin\\Signup.tsx","statementMap":{"0":{"start":{"line":9,"column":19},"end":{"line":9,"column":30}},"1":{"start":{"line":10,"column":36},"end":{"line":10,"column":56}},"2":{"start":{"line":11,"column":36},"end":{"line":11,"column":56}},"3":{"start":{"line":12,"column":50},"end":{"line":12,"column":70}},"4":{"start":{"line":13,"column":40},"end":{"line":13,"column":64}},"5":{"start":{"line":14,"column":44},"end":{"line":14,"column":68}},"6":{"start":{"line":15,"column":31},"end":{"line":17,"column":5}},"7":{"start":{"line":16,"column":8},"end":{"line":16,"column":39}},"8":{"start":{"line":18,"column":46},"end":{"line":18,"column":66}},"9":{"start":{"line":19,"column":25},"end":{"line":27,"column":5}},"10":{"start":{"line":20,"column":8},"end":{"line":23,"column":9}},"11":{"start":{"line":21,"column":12},"end":{"line":21,"column":56}},"12":{"start":{"line":22,"column":12},"end":{"line":22,"column":19}},"13":{"start":{"line":25,"column":8},"end":{"line":25,"column":29}},"14":{"start":{"line":26,"column":8},"end":{"line":26,"column":50}},"15":{"start":{"line":28,"column":4},"end":{"line":106,"column":6}},"16":{"start":{"line":72,"column":24},"end":{"line":72,"column":49}},"17":{"start":{"line":73,"column":24},"end":{"line":73,"column":64}},"18":{"start":{"line":73,"column":43},"end":{"line":73,"column":64}},"19":{"start":{"line":88,"column":25},"end":{"line":88,"column":51}},"20":{"start":{"line":103,"column":85},"end":{"line":103,"column":117}}},"fnMap":{"0":{"name":"SignupScreen","decl":{"start":{"line":8,"column":24},"end":{"line":8,"column":36}},"loc":{"start":{"line":8,"column":39},"end":{"line":107,"column":1}},"line":8},"1":{"name":"(anonymous_1)","decl":{"start":{"line":15,"column":31},"end":{"line":15,"column":32}},"loc":{"start":{"line":15,"column":37},"end":{"line":17,"column":5}},"line":15},"2":{"name":"(anonymous_2)","decl":{"start":{"line":19,"column":25},"end":{"line":19,"column":26}},"loc":{"start":{"line":19,"column":31},"end":{"line":27,"column":5}},"line":19},"3":{"name":"(anonymous_3)","decl":{"start":{"line":71,"column":34},"end":{"line":71,"column":35}},"loc":{"start":{"line":71,"column":44},"end":{"line":74,"column":21}},"line":71},"4":{"name":"(anonymous_4)","decl":{"start":{"line":88,"column":19},"end":{"line":88,"column":20}},"loc":{"start":{"line":88,"column":25},"end":{"line":88,"column":51}},"line":88},"5":{"name":"(anonymous_5)","decl":{"start":{"line":103,"column":79},"end":{"line":103,"column":80}},"loc":{"start":{"line":103,"column":85},"end":{"line":103,"column":117}},"line":103}},"branchMap":{"0":{"loc":{"start":{"line":20,"column":8},"end":{"line":23,"column":9}},"type":"if","locations":[{"start":{"line":20,"column":8},"end":{"line":23,"column":9}},{"start":{},"end":{}}],"line":20},"1":{"loc":{"start":{"line":32,"column":25},"end":{"line":36,"column":20}},"type":"cond-expr","locations":[{"start":{"line":33,"column":16},"end":{"line":35,"column":23}},{"start":{"line":36,"column":16},"end":{"line":36,"column":20}}],"line":32},"2":{"loc":{"start":{"line":54,"column":26},"end":{"line":54,"column":58}},"type":"cond-expr","locations":[{"start":{"line":54,"column":41},"end":{"line":54,"column":50}},{"start":{"line":54,"column":53},"end":{"line":54,"column":58}}],"line":54},"3":{"loc":{"start":{"line":65,"column":24},"end":{"line":65,"column":85}},"type":"cond-expr","locations":[{"start":{"line":65,"column":40},"end":{"line":65,"column":78}},{"start":{"line":65,"column":81},"end":{"line":65,"column":85}}],"line":65},"4":{"loc":{"start":{"line":73,"column":24},"end":{"line":73,"column":64}},"type":"if","locations":[{"start":{"line":73,"column":24},"end":{"line":73,"column":64}},{"start":{},"end":{}}],"line":73},"5":{"loc":{"start":{"line":77,"column":26},"end":{"line":77,"column":58}},"type":"cond-expr","locations":[{"start":{"line":77,"column":41},"end":{"line":77,"column":50}},{"start":{"line":77,"column":53},"end":{"line":77,"column":58}}],"line":77},"6":{"loc":{"start":{"line":90,"column":47},"end":{"line":90,"column":83}},"type":"binary-expr","locations":[{"start":{"line":90,"column":47},"end":{"line":90,"column":57}},{"start":{"line":90,"column":61},"end":{"line":90,"column":83}}],"line":90},"7":{"loc":{"start":{"line":91,"column":13},"end":{"line":91,"column":66}},"type":"binary-expr","locations":[{"start":{"line":91,"column":13},"end":{"line":91,"column":23}},{"start":{"line":91,"column":27},"end":{"line":91,"column":66}}],"line":91},"8":{"loc":{"start":{"line":96,"column":69},"end":{"line":96,"column":106}},"type":"cond-expr","locations":[{"start":{"line":96,"column":90},"end":{"line":96,"column":97}},{"start":{"line":96,"column":100},"end":{"line":96,"column":106}}],"line":96},"9":{"loc":{"start":{"line":96,"column":69},"end":{"line":96,"column":87}},"type":"binary-expr","locations":[{"start":{"line":96,"column":69},"end":{"line":96,"column":77}},{"start":{"line":96,"column":79},"end":{"line":96,"column":87}}],"line":96},"10":{"loc":{"start":{"line":97,"column":20},"end":{"line":97,"column":40}},"type":"binary-expr","locations":[{"start":{"line":97,"column":20},"end":{"line":97,"column":29}},{"start":{"line":97,"column":31},"end":{"line":97,"column":40}}],"line":97}},"s":{"0":0,"1":0,"2":0,"3":0,"4":0,"5":0,"6":0,"7":0,"8":0,"9":0,"10":0,"11":0,"12":0,"13":0,"14":0,"15":0,"16":0,"17":0,"18":0,"19":0,"20":0},"f":{"0":0,"1":0,"2":0,"3":0,"4":0,"5":0},"b":{"0":[0,0],"1":[0,0],"2":[0,0],"3":[0,0],"4":[0,0],"5":[0,0],"6":[0,0],"7":[0,0],"8":[0,0],"9":[0,0],"10":[0,0]}}
,"D:\\Mobile Repo\\Front-end\\Front-end\\app\\src\\signin\\Typesong.tsx": {"path":"D:\\Mobile Repo\\Front-end\\Front-end\\app\\src\\signin\\Typesong.tsx","statementMap":{"0":{"start":{"line":9,"column":17},"end":{"line":71,"column":1}},"1":{"start":{"line":10,"column":17},"end":{"line":10,"column":28}},"2":{"start":{"line":11,"column":17},"end":{"line":11,"column":36}},"3":{"start":{"line":12,"column":34},"end":{"line":12,"column":56}},"4":{"start":{"line":13,"column":16},"end":{"line":13,"column":209}},"5":{"start":{"line":15,"column":21},"end":{"line":48,"column":3}},"6":{"start":{"line":16,"column":23},"end":{"line":16,"column":46}},"7":{"start":{"line":18,"column":4},"end":{"line":47,"column":6}},"8":{"start":{"line":22,"column":10},"end":{"line":26,"column":11}},"9":{"start":{"line":23,"column":12},"end":{"line":23,"column":64}},"10":{"start":{"line":23,"column":48},"end":{"line":23,"column":61}},"11":{"start":{"line":25,"column":12},"end":{"line":25,"column":45}},"12":{"start":{"line":50,"column":2},"end":{"line":70,"column":4}},"13":{"start":{"line":57,"column":36},"end":{"line":57,"column":52}},"14":{"start":{"line":58,"column":41},"end":{"line":58,"column":57}},"15":{"start":{"line":65,"column":129},"end":{"line":65,"column":155}}},"fnMap":{"0":{"name":"(anonymous_0)","decl":{"start":{"line":9,"column":17},"end":{"line":9,"column":18}},"loc":{"start":{"line":9,"column":23},"end":{"line":71,"column":1}},"line":9},"1":{"name":"(anonymous_1)","decl":{"start":{"line":15,"column":21},"end":{"line":15,"column":22}},"loc":{"start":{"line":15,"column":39},"end":{"line":48,"column":3}},"line":15},"2":{"name":"(anonymous_2)","decl":{"start":{"line":21,"column":17},"end":{"line":21,"column":18}},"loc":{"start":{"line":21,"column":23},"end":{"line":27,"column":9}},"line":21},"3":{"name":"(anonymous_3)","decl":{"start":{"line":23,"column":40},"end":{"line":23,"column":41}},"loc":{"start":{"line":23,"column":48},"end":{"line":23,"column":61}},"line":23},"4":{"name":"(anonymous_4)","decl":{"start":{"line":57,"column":22},"end":{"line":57,"column":23}},"loc":{"start":{"line":57,"column":36},"end":{"line":57,"column":52}},"line":57},"5":{"name":"(anonymous_5)","decl":{"start":{"line":58,"column":24},"end":{"line":58,"column":25}},"loc":{"start":{"line":58,"column":41},"end":{"line":58,"column":57}},"line":58},"6":{"name":"(anonymous_6)","decl":{"start":{"line":65,"column":123},"end":{"line":65,"column":124}},"loc":{"start":{"line":65,"column":129},"end":{"line":65,"column":155}},"line":65}},"branchMap":{"0":{"loc":{"start":{"line":22,"column":10},"end":{"line":26,"column":11}},"type":"if","locations":[{"start":{"line":22,"column":10},"end":{"line":26,"column":11}},{"start":{"line":24,"column":17},"end":{"line":26,"column":11}}],"line":22},"1":{"loc":{"start":{"line":31,"column":12},"end":{"line":34,"column":42}},"type":"cond-expr","locations":[{"start":{"line":32,"column":16},"end":{"line":32,"column":53}},{"start":{"line":34,"column":16},"end":{"line":34,"column":42}}],"line":31},"2":{"loc":{"start":{"line":40,"column":46},"end":{"line":40,"column":78}},"type":"binary-expr","locations":[{"start":{"line":40,"column":46},"end":{"line":40,"column":56}},{"start":{"line":40,"column":60},"end":{"line":40,"column":78}}],"line":40},"3":{"loc":{"start":{"line":41,"column":15},"end":{"line":41,"column":61}},"type":"binary-expr","locations":[{"start":{"line":41,"column":15},"end":{"line":41,"column":25}},{"start":{"line":41,"column":29},"end":{"line":41,"column":61}}],"line":41}},"s":{"0":0,"1":0,"2":0,"3":0,"4":0,"5":0,"6":0,"7":0,"8":0,"9":0,"10":0,"11":0,"12":0,"13":0,"14":0,"15":0},"f":{"0":0,"1":0,"2":0,"3":0,"4":0,"5":0,"6":0},"b":{"0":[0,0],"1":[0,0],"2":[0,0],"3":[0,0]}}
}
