TN:
SF:app\ChoosingMoodPlayScreen.tsx
FN:28,ChoosingMoodPlayScreen
FN:64,(anonymous_1)
FN:98,(anonymous_2)
FNF:3
FNH:0
FNDA:0,ChoosingMoodPlayScreen
FNDA:0,(anonymous_1)
FNDA:0,(anonymous_2)
DA:29,0
DA:30,0
DA:31,0
DA:33,0
DA:38,0
DA:39,0
DA:42,0
DA:64,0
DA:65,0
DA:73,0
DA:98,0
LF:11
LH:0
BRDA:38,0,0,0
BRDA:38,0,1,0
BRDA:75,1,0,0
BRDA:75,1,1,0
BRDA:75,2,0,0
BRDA:75,2,1,0
BRDA:76,3,0,0
BRDA:76,3,1,0
BRF:8
BRH:0
end_of_record
TN:
SF:app\CreateMoodPlaylistScreen.tsx
FN:31,CreateMoodPlaylistScreen
FN:102,(anonymous_1)
FN:132,(anonymous_2)
FN:169,(anonymous_3)
FNF:4
FNH:0
FNDA:0,CreateMoodPlaylistScreen
FNDA:0,(anonymous_1)
FNDA:0,(anonymous_2)
FNDA:0,(anonymous_3)
DA:32,0
DA:33,0
DA:34,0
DA:36,0
DA:41,0
DA:42,0
DA:45,0
DA:102,0
DA:103,0
DA:112,0
DA:132,0
DA:169,0
LF:12
LH:0
BRDA:41,0,0,0
BRDA:41,0,1,0
BRDA:114,1,0,0
BRDA:114,1,1,0
BRDA:114,2,0,0
BRDA:114,2,1,0
BRDA:115,3,0,0
BRDA:115,3,1,0
BRF:8
BRH:0
end_of_record
TN:
SF:app\CreatePlaylist.tsx
FN:20,CreatePlaylist
FN:32,(anonymous_1)
FN:49,(anonymous_2)
FN:57,(anonymous_3)
FN:65,(anonymous_4)
FN:74,(anonymous_5)
FNF:6
FNH:0
FNDA:0,CreatePlaylist
FNDA:0,(anonymous_1)
FNDA:0,(anonymous_2)
FNDA:0,(anonymous_3)
FNDA:0,(anonymous_4)
FNDA:0,(anonymous_5)
DA:21,0
DA:22,0
DA:23,0
DA:24,0
DA:25,0
DA:26,0
DA:32,0
DA:49,0
DA:57,0
DA:66,0
DA:74,0
LF:11
LH:0
BRDA:28,0,0,0
BRDA:28,0,1,0
BRDA:28,1,0,0
BRDA:28,1,1,0
BRDA:46,2,0,0
BRDA:46,2,1,0
BRF:6
BRH:0
end_of_record
TN:
SF:app\HomeScreen.tsx
FN:33,HomeScreen
FN:59,(anonymous_1)
FN:61,(anonymous_2)
FN:83,(anonymous_3)
FN:97,(anonymous_4)
FN:98,(anonymous_5)
FN:120,(anonymous_6)
FN:148,(anonymous_7)
FN:152,(anonymous_8)
FNF:9
FNH:7
FNDA:4,HomeScreen
FNDA:4,(anonymous_1)
FNDA:4,(anonymous_2)
FNDA:24,(anonymous_3)
FNDA:1,(anonymous_4)
FNDA:4,(anonymous_5)
FNDA:0,(anonymous_6)
FNDA:16,(anonymous_7)
FNDA:0,(anonymous_8)
DA:31,1
DA:34,4
DA:38,4
DA:43,4
DA:44,4
DA:45,4
DA:47,4
DA:54,4
DA:55,4
DA:56,4
DA:57,4
DA:59,4
DA:60,4
DA:61,4
DA:62,4
DA:66,4
DA:67,0
DA:70,4
DA:83,24
DA:97,1
DA:98,4
DA:121,0
DA:149,16
DA:152,0
LF:24
LH:21
BRDA:43,0,0,4
BRDA:43,0,1,4
BRDA:60,1,0,0
BRDA:60,1,1,4
BRDA:66,2,0,0
BRDA:66,2,1,4
BRDA:99,3,0,0
BRDA:99,3,1,4
BRF:8
BRH:5
end_of_record
TN:
SF:app\MyMusic.tsx
FN:32,MyMusic
FN:44,(anonymous_1)
FN:45,(anonymous_2)
FN:73,(anonymous_3)
FN:78,(anonymous_4)
FNF:5
FNH:0
FNDA:0,MyMusic
FNDA:0,(anonymous_1)
FNDA:0,(anonymous_2)
FNDA:0,(anonymous_3)
FNDA:0,(anonymous_4)
DA:33,0
DA:34,0
DA:35,0
DA:43,0
DA:44,0
DA:45,0
DA:52,0
DA:73,0
DA:78,0
LF:9
LH:0
BRDA:54,0,0,0
BRDA:54,0,1,0
BRDA:54,1,0,0
BRDA:54,1,1,0
BRDA:76,2,0,0
BRDA:76,2,1,0
BRDA:78,3,0,0
BRDA:78,3,1,0
BRF:8
BRH:0
end_of_record
TN:
SF:app\NowPlayingScreen.tsx
FN:19,NowPlayingScreen
FN:26,(anonymous_1)
FN:28,(anonymous_2)
FN:88,(anonymous_3)
FN:88,(anonymous_4)
FN:118,(anonymous_5)
FN:128,(anonymous_6)
FN:154,(anonymous_7)
FNF:8
FNH:0
FNDA:0,NowPlayingScreen
FNDA:0,(anonymous_1)
FNDA:0,(anonymous_2)
FNDA:0,(anonymous_3)
FNDA:0,(anonymous_4)
FNDA:0,(anonymous_5)
FNDA:0,(anonymous_6)
FNDA:0,(anonymous_7)
DA:20,0
DA:21,0
DA:22,0
DA:23,0
DA:24,0
DA:25,0
DA:26,0
DA:28,0
DA:29,0
DA:36,0
DA:88,0
DA:118,0
DA:129,0
DA:130,0
DA:131,0
DA:133,0
DA:154,0
LF:17
LH:0
BRDA:24,0,0,0
BRDA:24,0,1,0
BRDA:26,1,0,0
BRDA:26,1,1,0
BRDA:30,2,0,0
BRDA:30,2,1,0
BRDA:41,3,0,0
BRDA:41,3,1,0
BRDA:41,4,0,0
BRDA:41,4,1,0
BRDA:42,5,0,0
BRDA:42,5,1,0
BRDA:92,6,0,0
BRDA:92,6,1,0
BRDA:129,7,0,0
BRDA:129,7,1,0
BRF:16
BRH:0
end_of_record
TN:
SF:app\PhoneScreen.tsx
FNF:0
FNH:0
LF:0
LH:0
BRF:0
BRH:0
end_of_record
TN:
SF:app\PlayerContext.tsx
FN:14,PlayerProvider
FN:24,(anonymous_1)
FNF:2
FNH:0
FNDA:0,PlayerProvider
FNDA:0,(anonymous_1)
DA:12,0
DA:15,0
DA:16,0
DA:17,0
DA:24,0
DA:25,0
DA:26,0
DA:27,0
LF:8
LH:0
BRDA:26,0,0,0
BRDA:26,0,1,0
BRF:2
BRH:0
end_of_record
TN:
SF:app\PlaylistSong.tsx
FN:26,PlaylistSong
FN:42,(anonymous_1)
FN:51,(anonymous_2)
FN:55,(anonymous_3)
FN:59,(anonymous_4)
FN:68,(anonymous_5)
FN:92,(anonymous_6)
FNF:7
FNH:0
FNDA:0,PlaylistSong
FNDA:0,(anonymous_1)
FNDA:0,(anonymous_2)
FNDA:0,(anonymous_3)
FNDA:0,(anonymous_4)
FNDA:0,(anonymous_5)
FNDA:0,(anonymous_6)
DA:27,0
DA:28,0
DA:29,0
DA:30,0
DA:31,0
DA:32,0
DA:33,0
DA:42,0
DA:43,0
DA:51,0
DA:52,0
DA:55,0
DA:56,0
DA:59,0
DA:60,0
DA:62,0
DA:68,0
DA:92,0
LF:18
LH:0
BRDA:31,0,0,0
BRDA:31,0,1,0
BRDA:64,1,0,0
BRDA:64,1,1,0
BRDA:64,2,0,0
BRDA:64,2,1,0
BRF:6
BRH:0
end_of_record
TN:
SF:app\SearchScreen.tsx
FN:59,SearchScreen
FN:142,(anonymous_1)
FN:147,(anonymous_2)
FN:150,(anonymous_3)
FN:160,(anonymous_4)
FN:171,(anonymous_5)
FN:176,(anonymous_6)
FN:234,(anonymous_7)
FN:273,(anonymous_8)
FN:280,(anonymous_9)
FN:292,(anonymous_10)
FN:306,(anonymous_11)
FN:318,(anonymous_12)
FN:325,(anonymous_13)
FN:339,(anonymous_14)
FNF:15
FNH:0
FNDA:0,SearchScreen
FNDA:0,(anonymous_1)
FNDA:0,(anonymous_2)
FNDA:0,(anonymous_3)
FNDA:0,(anonymous_4)
FNDA:0,(anonymous_5)
FNDA:0,(anonymous_6)
FNDA:0,(anonymous_7)
FNDA:0,(anonymous_8)
FNDA:0,(anonymous_9)
FNDA:0,(anonymous_10)
FNDA:0,(anonymous_11)
FNDA:0,(anonymous_12)
FNDA:0,(anonymous_13)
FNDA:0,(anonymous_14)
DA:35,0
DA:36,0
DA:37,0
DA:38,0
DA:60,0
DA:61,0
DA:62,0
DA:64,0
DA:69,0
DA:126,0
DA:134,0
DA:142,0
DA:143,0
DA:144,0
DA:145,0
DA:147,0
DA:150,0
DA:151,0
DA:160,0
DA:161,0
DA:171,0
DA:176,0
DA:177,0
DA:185,0
DA:192,0
DA:199,0
DA:206,0
DA:233,0
DA:234,0
DA:235,0
DA:238,0
DA:239,0
DA:242,0
DA:273,0
DA:280,0
DA:292,0
DA:306,0
DA:319,0
DA:325,0
DA:339,0
LF:40
LH:0
BRDA:202,0,0,0
BRDA:202,0,1,0
BRDA:238,1,0,0
BRDA:238,1,1,0
BRDA:244,2,0,0
BRDA:244,2,1,0
BRDA:244,3,0,0
BRDA:244,3,1,0
BRDA:245,4,0,0
BRDA:245,4,1,0
BRDA:281,5,0,0
BRDA:281,5,1,0
BRF:12
BRH:0
end_of_record
TN:
SF:app\_layout.tsx
FN:11,RootLayout
FN:18,(anonymous_1)
FN:19,(anonymous_2)
FN:22,(anonymous_3)
FN:81,(anonymous_4)
FN:109,(anonymous_5)
FNF:6
FNH:0
FNDA:0,RootLayout
FNDA:0,(anonymous_1)
FNDA:0,(anonymous_2)
FNDA:0,(anonymous_3)
FNDA:0,(anonymous_4)
FNDA:0,(anonymous_5)
DA:9,0
DA:12,0
DA:13,0
DA:14,0
DA:16,0
DA:18,0
DA:19,0
DA:20,0
DA:22,0
DA:25,0
DA:34,0
DA:36,0
DA:46,0
DA:82,0
DA:83,0
DA:84,0
DA:86,0
DA:87,0
DA:88,0
DA:89,0
DA:91,0
DA:93,0
DA:94,0
DA:95,0
DA:96,0
DA:97,0
DA:98,0
DA:109,0
LF:28
LH:0
BRDA:25,0,0,0
BRDA:25,0,1,0
BRDA:27,1,0,0
BRDA:27,1,1,0
BRDA:29,2,0,0
BRDA:29,2,1,0
BRDA:29,3,0,0
BRDA:29,3,1,0
BRDA:31,4,0,0
BRDA:31,4,1,0
BRDA:31,5,0,0
BRDA:31,5,1,0
BRDA:31,5,2,0
BRDA:34,6,0,0
BRDA:34,6,1,0
BRDA:34,6,2,0
BRDA:34,6,3,0
BRDA:36,7,0,0
BRDA:36,7,1,0
BRDA:36,7,2,0
BRDA:36,7,3,0
BRDA:36,7,4,0
BRDA:36,7,5,0
BRDA:36,7,6,0
BRDA:36,7,7,0
BRDA:75,8,0,0
BRDA:75,8,1,0
BRDA:82,9,0,0
BRDA:82,9,1,0
BRDA:83,10,0,0
BRDA:83,10,1,0
BRDA:83,11,0,0
BRDA:83,11,1,0
BRDA:87,12,0,0
BRDA:87,12,1,0
BRDA:88,13,0,0
BRDA:88,13,1,0
BRDA:88,14,0,0
BRDA:88,14,1,0
BRDA:88,14,2,0
BRDA:93,15,0,0
BRDA:93,15,1,0
BRDA:94,16,0,0
BRDA:94,16,1,0
BRDA:96,17,0,0
BRDA:96,17,1,0
BRDA:97,18,0,0
BRDA:97,18,1,0
BRDA:104,19,0,0
BRDA:104,19,1,0
BRDA:108,20,0,0
BRDA:108,20,1,0
BRF:52
BRH:0
end_of_record
TN:
SF:app\index.tsx
FN:17,Index
FN:62,(anonymous_1)
FNF:2
FNH:0
FNDA:0,Index
FNDA:0,(anonymous_1)
DA:7,0
DA:9,0
DA:18,0
DA:58,0
DA:62,0
LF:5
LH:0
BRF:0
BRH:0
end_of_record
TN:
SF:app\onboarding.tsx
FN:51,Onboarding
FN:57,(anonymous_1)
FN:71,(anonymous_2)
FN:77,(anonymous_3)
FN:107,(anonymous_4)
FN:113,(anonymous_5)
FN:114,(anonymous_6)
FNF:7
FNH:7
FNDA:5,Onboarding
FNDA:1,(anonymous_1)
FNDA:1,(anonymous_2)
FNDA:20,(anonymous_3)
FNDA:24,(anonymous_4)
FNDA:1,(anonymous_5)
FNDA:1,(anonymous_6)
DA:18,1
DA:20,1
DA:22,1
DA:52,5
DA:53,5
DA:54,5
DA:55,5
DA:57,5
DA:58,1
DA:59,1
DA:60,1
DA:61,1
DA:63,1
DA:66,0
DA:67,0
DA:71,5
DA:73,1
DA:74,1
DA:77,5
DA:78,20
DA:95,5
DA:107,24
DA:114,1
DA:115,1
DA:116,0
DA:148,1
LF:26
LH:23
BRDA:58,0,0,1
BRDA:58,0,1,0
BRDA:60,1,0,1
BRDA:60,1,1,0
BRDA:115,2,0,0
BRDA:115,2,1,1
BRDA:130,3,0,0
BRDA:130,3,1,5
BRF:8
BRH:4
end_of_record
TN:
SF:app\src\signin\ChooseType.tsx
FN:6,(anonymous_0)
FN:16,(anonymous_1)
FNF:2
FNH:0
FNDA:0,(anonymous_0)
FNDA:0,(anonymous_1)
DA:6,0
DA:7,0
DA:9,0
DA:16,0
LF:4
LH:0
BRF:0
BRH:0
end_of_record
TN:
SF:app\src\signin\Login.tsx
FN:8,LoginScreen
FN:14,(anonymous_1)
FN:48,(anonymous_2)
FN:58,(anonymous_3)
FN:63,(anonymous_4)
FNF:5
FNH:0
FNDA:0,LoginScreen
FNDA:0,(anonymous_1)
FNDA:0,(anonymous_2)
FNDA:0,(anonymous_3)
FNDA:0,(anonymous_4)
DA:9,0
DA:10,0
DA:11,0
DA:12,0
DA:13,0
DA:14,0
DA:15,0
DA:17,0
DA:48,0
DA:58,0
DA:63,0
LF:11
LH:0
BRDA:38,0,0,0
BRDA:38,0,1,0
BRDA:50,1,0,0
BRDA:50,1,1,0
BRDA:51,2,0,0
BRDA:51,2,1,0
BRDA:56,3,0,0
BRDA:56,3,1,0
BRDA:56,4,0,0
BRDA:56,4,1,0
BRDA:57,5,0,0
BRDA:57,5,1,0
BRF:12
BRH:0
end_of_record
TN:
SF:app\src\signin\Otpsign.tsx
FN:6,(anonymous_0)
FN:14,(anonymous_1)
FN:25,(anonymous_2)
FN:32,(anonymous_3)
FN:42,(anonymous_4)
FN:47,(anonymous_5)
FN:65,(anonymous_6)
FNF:7
FNH:0
FNDA:0,(anonymous_0)
FNDA:0,(anonymous_1)
FNDA:0,(anonymous_2)
FNDA:0,(anonymous_3)
FNDA:0,(anonymous_4)
FNDA:0,(anonymous_5)
FNDA:0,(anonymous_6)
DA:6,0
DA:7,0
DA:8,0
DA:9,0
DA:10,0
DA:11,0
DA:12,0
DA:13,0
DA:14,0
DA:15,0
DA:16,0
DA:17,0
DA:20,0
DA:21,0
DA:25,0
DA:26,0
DA:27,0
DA:28,0
DA:32,0
DA:33,0
DA:38,0
DA:43,0
DA:47,0
DA:65,0
LF:24
LH:0
BRDA:20,0,0,0
BRDA:20,0,1,0
BRDA:20,1,0,0
BRDA:20,1,1,0
BRF:4
BRH:0
end_of_record
TN:
SF:app\src\signin\PhoneInput.tsx
FN:22,PhoneInputScreen
FN:27,handleSelectedCountry
FN:30,handleInputValue
FN:50,(anonymous_3)
FN:50,(anonymous_4)
FNF:5
FNH:0
FNDA:0,PhoneInputScreen
FNDA:0,handleSelectedCountry
FNDA:0,handleInputValue
FNDA:0,(anonymous_3)
FNDA:0,(anonymous_4)
DA:23,0
DA:24,0
DA:26,0
DA:28,0
DA:31,0
DA:33,0
DA:34,0
DA:50,0
LF:8
LH:0
BRDA:36,0,0,0
BRDA:36,0,1,0
BRDA:36,1,0,0
BRDA:36,1,1,0
BRF:4
BRH:0
end_of_record
TN:
SF:app\src\signin\Signup.tsx
FN:8,SignupScreen
FN:15,(anonymous_1)
FN:19,(anonymous_2)
FN:71,(anonymous_3)
FN:88,(anonymous_4)
FN:103,(anonymous_5)
FNF:6
FNH:0
FNDA:0,SignupScreen
FNDA:0,(anonymous_1)
FNDA:0,(anonymous_2)
FNDA:0,(anonymous_3)
FNDA:0,(anonymous_4)
FNDA:0,(anonymous_5)
DA:9,0
DA:10,0
DA:11,0
DA:12,0
DA:13,0
DA:14,0
DA:15,0
DA:16,0
DA:18,0
DA:19,0
DA:20,0
DA:21,0
DA:22,0
DA:25,0
DA:26,0
DA:28,0
DA:72,0
DA:73,0
DA:88,0
DA:103,0
LF:20
LH:0
BRDA:20,0,0,0
BRDA:20,0,1,0
BRDA:32,1,0,0
BRDA:32,1,1,0
BRDA:54,2,0,0
BRDA:54,2,1,0
BRDA:65,3,0,0
BRDA:65,3,1,0
BRDA:73,4,0,0
BRDA:73,4,1,0
BRDA:77,5,0,0
BRDA:77,5,1,0
BRDA:90,6,0,0
BRDA:90,6,1,0
BRDA:91,7,0,0
BRDA:91,7,1,0
BRDA:96,8,0,0
BRDA:96,8,1,0
BRDA:96,9,0,0
BRDA:96,9,1,0
BRDA:97,10,0,0
BRDA:97,10,1,0
BRF:22
BRH:0
end_of_record
TN:
SF:app\src\signin\Typesong.tsx
FN:9,(anonymous_0)
FN:15,(anonymous_1)
FN:21,(anonymous_2)
FN:23,(anonymous_3)
FN:57,(anonymous_4)
FN:58,(anonymous_5)
FN:65,(anonymous_6)
FNF:7
FNH:0
FNDA:0,(anonymous_0)
FNDA:0,(anonymous_1)
FNDA:0,(anonymous_2)
FNDA:0,(anonymous_3)
FNDA:0,(anonymous_4)
FNDA:0,(anonymous_5)
FNDA:0,(anonymous_6)
DA:9,0
DA:10,0
DA:11,0
DA:12,0
DA:13,0
DA:15,0
DA:16,0
DA:18,0
DA:22,0
DA:23,0
DA:25,0
DA:50,0
DA:57,0
DA:58,0
DA:65,0
LF:15
LH:0
BRDA:22,0,0,0
BRDA:22,0,1,0
BRDA:31,1,0,0
BRDA:31,1,1,0
BRDA:40,2,0,0
BRDA:40,2,1,0
BRDA:41,3,0,0
BRDA:41,3,1,0
BRF:8
BRH:0
end_of_record
